[    0.000000] Linux version 4.15.0-96-generic (buildd@lgw01-amd64-004) (gcc version 7.5.0 (Ubuntu 7.5.0-3ubuntu1~18.04)) #97-Ubuntu SMP Wed Apr 1 03:25:46 UTC 2020 (Ubuntu 4.15.0-96.97-generic 4.15.18)
[    0.000000] Command line: BOOT_IMAGE=/boot/vmlinuz-4.15.0-96-generic root=LABEL=cloudimg-rootfs ro console=tty1 console=ttyS0
[    0.000000] KERNEL supported cpus:
[    0.000000]   Intel GenuineIntel
[    0.000000]   AMD AuthenticAMD
[    0.000000]   Centaur CentaurHauls
[    0.000000] x86/fpu: Supporting XSAVE feature 0x001: 'x87 floating point registers'
[    0.000000] x86/fpu: Supporting XSAVE feature 0x002: 'SSE registers'
[    0.000000] x86/fpu: Supporting XSAVE feature 0x004: 'AVX registers'
[    0.000000] x86/fpu: xstate_offset[2]:  576, xstate_sizes[2]:  256
[    0.000000] x86/fpu: Enabled xstate features 0x7, context size is 832 bytes, using 'standard' format.
[    0.000000] e820: BIOS-provided physical RAM map:
[    0.000000] BIOS-e820: [mem 0x0000000000000000-0x000000000009fbff] usable
[    0.000000] BIOS-e820: [mem 0x000000000009fc00-0x000000000009ffff] reserved
[    0.000000] BIOS-e820: [mem 0x00000000000f0000-0x00000000000fffff] reserved
[    0.000000] BIOS-e820: [mem 0x0000000000100000-0x00000000dffeffff] usable
[    0.000000] BIOS-e820: [mem 0x00000000dfff0000-0x00000000dfffffff] ACPI data
[    0.000000] BIOS-e820: [mem 0x00000000fec00000-0x00000000fec00fff] reserved
[    0.000000] BIOS-e820: [mem 0x00000000fee00000-0x00000000fee00fff] reserved
[    0.000000] BIOS-e820: [mem 0x00000000fffc0000-0x00000000ffffffff] reserved
[    0.000000] BIOS-e820: [mem 0x0000000100000000-0x000000021fffffff] usable
[    0.000000] NX (Execute Disable) protection: active
[    0.000000] SMBIOS 2.5 present.
[    0.000000] DMI: innotek GmbH VirtualBox/VirtualBox, BIOS VirtualBox 12/01/2006
[    0.000000] Hypervisor detected: KVM
[    0.000000] e820: last_pfn = 0x220000 max_arch_pfn = 0x400000000
[    0.000000] MTRR: Disabled
[    0.000000] x86/PAT: MTRRs disabled, skipping PAT initialization too.
[    0.000000] CPU MTRRs all blank - virtualized system.
[    0.000000] x86/PAT: Configuration [0-7]: WB  WT  UC- UC  WB  WT  UC- UC  
[    0.000000] e820: last_pfn = 0xdfff0 max_arch_pfn = 0x400000000
[    0.000000] found SMP MP-table at [mem 0x0009fff0-0x0009ffff]
[    0.000000] Scanning 1 areas for low memory corruption
[    0.000000] RAMDISK: [mem 0x35a6f000-0x36d2efff]
[    0.000000] ACPI: Early table checksum verification disabled
[    0.000000] ACPI: RSDP 0x00000000000E0000 000024 (v02 VBOX  )
[    0.000000] ACPI: XSDT 0x00000000DFFF0030 00003C (v01 VBOX   VBOXXSDT 00000001 ASL  00000061)
[    0.000000] ACPI: FACP 0x00000000DFFF00F0 0000F4 (v04 VBOX   VBOXFACP 00000001 ASL  00000061)
[    0.000000] ACPI: DSDT 0x00000000DFFF0480 0022EA (v02 VBOX   VBOXBIOS 00000002 INTL 20100528)
[    0.000000] ACPI: FACS 0x00000000DFFF0200 000040
[    0.000000] ACPI: FACS 0x00000000DFFF0200 000040
[    0.000000] ACPI: APIC 0x00000000DFFF0240 00006C (v02 VBOX   VBOXAPIC 00000001 ASL  00000061)
[    0.000000] ACPI: SSDT 0x00000000DFFF02B0 0001CC (v01 VBOX   VBOXCPUT 00000002 INTL 20100528)
[    0.000000] No NUMA configuration found
[    0.000000] Faking a node at [mem 0x0000000000000000-0x000000021fffffff]
[    0.000000] NODE_DATA(0) allocated [mem 0x21ffd4000-0x21fffefff]
[    0.000000] kvm-clock: cpu 0, msr 2:1ff53001, primary cpu clock
[    0.000000] kvm-clock: Using msrs 4b564d01 and 4b564d00
[    0.000000] kvm-clock: using sched offset of 5831048704 cycles
[    0.000000] clocksource: kvm-clock: mask: 0xffffffffffffffff max_cycles: 0x1cd42e4dffb, max_idle_ns: 881590591483 ns
[    0.000000] Zone ranges:
[    0.000000]   DMA      [mem 0x0000000000001000-0x0000000000ffffff]
[    0.000000]   DMA32    [mem 0x0000000001000000-0x00000000ffffffff]
[    0.000000]   Normal   [mem 0x0000000100000000-0x000000021fffffff]
[    0.000000]   Device   empty
[    0.000000] Movable zone start for each node
[    0.000000] Early memory node ranges
[    0.000000]   node   0: [mem 0x0000000000001000-0x000000000009efff]
[    0.000000]   node   0: [mem 0x0000000000100000-0x00000000dffeffff]
[    0.000000]   node   0: [mem 0x0000000100000000-0x000000021fffffff]
[    0.000000] Reserved but unavailable: 98 pages
[    0.000000] Initmem setup node 0 [mem 0x0000000000001000-0x000000021fffffff]
[    0.000000] ACPI: PM-Timer IO Port: 0x4008
[    0.000000] IOAPIC[0]: apic_id 4, version 32, address 0xfec00000, GSI 0-23
[    0.000000] ACPI: INT_SRC_OVR (bus 0 bus_irq 0 global_irq 2 dfl dfl)
[    0.000000] ACPI: INT_SRC_OVR (bus 0 bus_irq 9 global_irq 9 low level)
[    0.000000] Using ACPI (MADT) for SMP configuration information
[    0.000000] smpboot: Allowing 4 CPUs, 0 hotplug CPUs
[    0.000000] PM: Registered nosave memory: [mem 0x00000000-0x00000fff]
[    0.000000] PM: Registered nosave memory: [mem 0x0009f000-0x0009ffff]
[    0.000000] PM: Registered nosave memory: [mem 0x000a0000-0x000effff]
[    0.000000] PM: Registered nosave memory: [mem 0x000f0000-0x000fffff]
[    0.000000] PM: Registered nosave memory: [mem 0xdfff0000-0xdfffffff]
[    0.000000] PM: Registered nosave memory: [mem 0xe0000000-0xfebfffff]
[    0.000000] PM: Registered nosave memory: [mem 0xfec00000-0xfec00fff]
[    0.000000] PM: Registered nosave memory: [mem 0xfec01000-0xfedfffff]
[    0.000000] PM: Registered nosave memory: [mem 0xfee00000-0xfee00fff]
[    0.000000] PM: Registered nosave memory: [mem 0xfee01000-0xfffbffff]
[    0.000000] PM: Registered nosave memory: [mem 0xfffc0000-0xffffffff]
[    0.000000] e820: [mem 0xe0000000-0xfebfffff] available for PCI devices
[    0.000000] Booting paravirtualized kernel on KVM
[    0.000000] clocksource: refined-jiffies: mask: 0xffffffff max_cycles: 0xffffffff, max_idle_ns: 7645519600211568 ns
[    0.000000] random: get_random_bytes called from start_kernel+0x99/0x4fd with crng_init=0
[    0.000000] setup_percpu: NR_CPUS:8192 nr_cpumask_bits:4 nr_cpu_ids:4 nr_node_ids:1
[    0.000000] percpu: Embedded 45 pages/cpu s147456 r8192 d28672 u524288
[    0.000000] PV qspinlock hash table entries: 256 (order: 0, 4096 bytes)
[    0.000000] Built 1 zonelists, mobility grouping on.  Total pages: 2064249
[    0.000000] Policy zone: Normal
[    0.000000] Kernel command line: BOOT_IMAGE=/boot/vmlinuz-4.15.0-96-generic root=LABEL=cloudimg-rootfs ro console=tty1 console=ttyS0
[    0.000000] Memory: 8142096K/8388152K available (12300K kernel code, 2481K rwdata, 4264K rodata, 2432K init, 2712K bss, 246056K reserved, 0K cma-reserved)
[    0.000000] SLUB: HWalign=64, Order=0-3, MinObjects=0, CPUs=4, Nodes=1
[    0.000000] Kernel/User page tables isolation: enabled
[    0.000000] ftrace: allocating 39351 entries in 154 pages
[    0.004000] Hierarchical RCU implementation.
[    0.004000] 	RCU restricting CPUs from NR_CPUS=8192 to nr_cpu_ids=4.
[    0.004000] 	Tasks RCU enabled.
[    0.004000] RCU: Adjusting geometry for rcu_fanout_leaf=16, nr_cpu_ids=4
[    0.004000] NR_IRQS: 524544, nr_irqs: 456, preallocated irqs: 16
[    0.004000] Console: colour VGA+ 80x25
[    0.004000] console [tty1] enabled
[    0.004000] console [ttyS0] enabled
[    0.004000] ACPI: Core revision 20170831
[    0.004000] ACPI: 2 ACPI AML tables successfully acquired and loaded
[    0.004000] APIC: Switch to symmetric I/O mode setup
[    0.004000] x2apic enabled
[    0.004000] Switched APIC routing to physical x2apic.
[    0.004000] ..TIMER: vector=0x30 apic1=0 pin1=2 apic2=-1 pin2=-1
[    0.004004] tsc: Detected 2304.000 MHz processor
[    0.004827] Calibrating delay loop (skipped) preset value.. 4608.00 BogoMIPS (lpj=9216000)
[    0.005437] pid_max: default: 32768 minimum: 301
[    0.008033] Security Framework initialized
[    0.008763] Yama: becoming mindful.
[    0.009415] AppArmor: AppArmor initialized
[    0.016150] Dentry cache hash table entries: 1048576 (order: 11, 8388608 bytes)
[    0.020138] Inode-cache hash table entries: 524288 (order: 10, 4194304 bytes)
[    0.021473] Mount-cache hash table entries: 16384 (order: 5, 131072 bytes)
[    0.024012] Mountpoint-cache hash table entries: 16384 (order: 5, 131072 bytes)
[    0.025529] Last level iTLB entries: 4KB 64, 2MB 8, 4MB 8
[    0.026472] Last level dTLB entries: 4KB 64, 2MB 0, 4MB 0, 1GB 4
[    0.027511] Spectre V1 : Mitigation: usercopy/swapgs barriers and __user pointer sanitization
[    0.028003] Spectre V2 : Mitigation: Full generic retpoline
[    0.028968] Spectre V2 : Spectre v2 / SpectreRSB mitigation: Filling RSB on context switch
[    0.030424] Speculative Store Bypass: Vulnerable
[    0.032064] MDS: Mitigation: Clear CPU buffers
[    0.033559] Freeing SMP alternatives memory: 36K
[    0.144711] smpboot: CPU0: Intel(R) Core(TM) i5-7360U CPU @ 2.30GHz (family: 0x6, model: 0x8e, stepping: 0x9)
[    0.147106] Performance Events: unsupported p6 CPU model 142 no PMU driver, software events only.
[    0.148034] Hierarchical SRCU implementation.
[    0.151327] NMI watchdog: Perf event create on CPU 0 failed with -2
[    0.152004] NMI watchdog: Perf NMI watchdog permanently disabled
[    0.153254] smp: Bringing up secondary CPUs ...
[    0.154301] x86: Booting SMP configuration:
[    0.156002] .... node  #0, CPUs:      #1
[    0.004000] kvm-clock: cpu 1, msr 2:1ff53041, secondary cpu clock
[    0.160088]  #2
[    0.004000] kvm-clock: cpu 2, msr 2:1ff53081, secondary cpu clock
[    0.164093]  #3
[    0.004000] kvm-clock: cpu 3, msr 2:1ff530c1, secondary cpu clock
[    0.168024] smp: Brought up 1 node, 4 CPUs
[    0.169008] smpboot: Max logical packages: 1
[    0.172009] smpboot: Total of 4 processors activated (18432.00 BogoMIPS)
[    0.174865] devtmpfs: initialized
[    0.174865] x86/mm: Memory block size: 128MB
[    0.176445] evm: security.selinux
[    0.177055] evm: security.SMACK64
[    0.177746] evm: security.SMACK64EXEC
[    0.178404] evm: security.SMACK64TRANSMUTE
[    0.179126] evm: security.SMACK64MMAP
[    0.180004] evm: security.apparmor
[    0.181134] evm: security.ima
[    0.181758] evm: security.capability
[    0.182456] clocksource: jiffies: mask: 0xffffffff max_cycles: 0xffffffff, max_idle_ns: 7645041785100000 ns
[    0.184010] futex hash table entries: 1024 (order: 4, 65536 bytes)
[    0.185298] pinctrl core: initialized pinctrl subsystem
[    0.186324] RTC time: 20:54:05, date: 04/25/20
[    0.188313] NET: Registered protocol family 16
[    0.189724] audit: initializing netlink subsys (disabled)
[    0.190709] audit: type=2000 audit(1587848052.956:1): state=initialized audit_enabled=0 res=1
[    0.192006] cpuidle: using governor ladder
[    0.192776] cpuidle: using governor menu
[    0.193621] ACPI: bus type PCI registered
[    0.194342] acpiphp: ACPI Hot Plug PCI Controller Driver version: 0.5
[    0.197744] PCI: Using configuration type 1 for base access
[    0.200896] HugeTLB registered 2.00 MiB page size, pre-allocated 0 pages
[    0.201253] ACPI: Added _OSI(Module Device)
[    0.204005] ACPI: Added _OSI(Processor Device)
[    0.205887] ACPI: Added _OSI(3.0 _SCP Extensions)
[    0.207134] ACPI: Added _OSI(Processor Aggregator Device)
[    0.208007] ACPI: Added _OSI(Linux-Dell-Video)
[    0.208790] ACPI: Added _OSI(Linux-Lenovo-NV-HDMI-Audio)
[    0.209782] ACPI: Added _OSI(Linux-HPI-Hybrid-Graphics)
[    0.211024] ACPI: Executed 1 blocks of module-level executable AML code
[    0.216356] ACPI: Interpreter enabled
[    0.217498] ACPI: (supports S0 S5)
[    0.218204] ACPI: Using IOAPIC for interrupt routing
[    0.219248] PCI: Using host bridge windows from ACPI; if necessary, use "pci=nocrs" and report a bug
[    0.220181] ACPI: Enabled 2 GPEs in block 00 to 07
[    0.228337] ACPI: PCI Root Bridge [PCI0] (domain 0000 [bus 00-ff])
[    0.230454] acpi PNP0A03:00: _OSC: OS supports [ASPM ClockPM Segments MSI]
[    0.232399] acpi PNP0A03:00: _OSC: not requesting OS control; OS requires [ExtendedConfig ASPM ClockPM MSI]
[    0.234174] acpi PNP0A03:00: fail to add MMCONFIG information, can't access extended PCI configuration space under this bridge.
[    0.236433] PCI host bridge to bus 0000:00
[    0.237938] pci_bus 0000:00: root bus resource [io  0x0000-0x0cf7 window]
[    0.239099] pci_bus 0000:00: root bus resource [io  0x0d00-0xffff window]
[    0.240005] pci_bus 0000:00: root bus resource [mem 0x000a0000-0x000bffff window]
[    0.241384] pci_bus 0000:00: root bus resource [mem 0xe0000000-0xfdffffff window]
[    0.244003] pci_bus 0000:00: root bus resource [bus 00-ff]
[    0.248636] pci 0000:00:01.1: legacy IDE quirk: reg 0x10: [io  0x01f0-0x01f7]
[    0.250713] pci 0000:00:01.1: legacy IDE quirk: reg 0x14: [io  0x03f6]
[    0.252004] pci 0000:00:01.1: legacy IDE quirk: reg 0x18: [io  0x0170-0x0177]
[    0.253684] pci 0000:00:01.1: legacy IDE quirk: reg 0x1c: [io  0x0376]
[    0.313683] pci 0000:00:07.0: quirk: [io  0x4000-0x403f] claimed by PIIX4 ACPI
[    0.315586] pci 0000:00:07.0: quirk: [io  0x4100-0x410f] claimed by PIIX4 SMB
[    0.349804] ACPI: PCI Interrupt Link [LNKA] (IRQs 5 9 10 *11)
[    0.351730] ACPI: PCI Interrupt Link [LNKB] (IRQs 5 9 *10 11)
[    0.352119] ACPI: PCI Interrupt Link [LNKC] (IRQs 5 *9 10 11)
[    0.353580] ACPI: PCI Interrupt Link [LNKD] (IRQs 5 9 10 *11)
[    0.356327] SCSI subsystem initialized
[    0.357075] pci 0000:00:02.0: vgaarb: setting as boot VGA device
[    0.357537] pci 0000:00:02.0: vgaarb: VGA device added: decodes=io+mem,owns=io+mem,locks=none
[    0.360004] pci 0000:00:02.0: vgaarb: bridge control possible
[    0.361010] vgaarb: loaded
[    0.361543] ACPI: bus type USB registered
[    0.362341] usbcore: registered new interface driver usbfs
[    0.363291] usbcore: registered new interface driver hub
[    0.364021] usbcore: registered new device driver usb
[    0.364985] EDAC MC: Ver: 3.0.0
[    0.364985] PCI: Using ACPI for IRQ routing
[    0.365461] NetLabel: Initializing
[    0.368002] NetLabel:  domain hash size = 128
[    0.368786] NetLabel:  protocols = UNLABELED CIPSOv4 CALIPSO
[    0.369783] NetLabel:  unlabeled traffic allowed by default
[    0.372118] clocksource: Switched to clocksource kvm-clock
[    0.387320] VFS: Disk quotas dquot_6.6.0
[    0.389325] VFS: Dquot-cache hash table entries: 512 (order 0, 4096 bytes)
[    0.391736] AppArmor: AppArmor Filesystem Enabled
[    0.393347] pnp: PnP ACPI init
[    0.395521] pnp: PnP ACPI: found 3 devices
[    0.406608] clocksource: acpi_pm: mask: 0xffffff max_cycles: 0xffffff, max_idle_ns: 2085701024 ns
[    0.409170] NET: Registered protocol family 2
[    0.410123] TCP established hash table entries: 65536 (order: 7, 524288 bytes)
[    0.412966] TCP bind hash table entries: 65536 (order: 8, 1048576 bytes)
[    0.414674] TCP: Hash tables configured (established 65536 bind 65536)
[    0.416110] UDP hash table entries: 4096 (order: 5, 131072 bytes)
[    0.417675] UDP-Lite hash table entries: 4096 (order: 5, 131072 bytes)
[    0.419049] NET: Registered protocol family 1
[    0.419851] pci 0000:00:00.0: Limiting direct PCI/PCI transfers
[    0.420948] pci 0000:00:01.0: Activating ISA DMA hang workarounds
[    0.422464] pci 0000:00:02.0: Video device with shadowed ROM at [mem 0x000c0000-0x000dffff]
[    0.424136] Unpacking initramfs...
[    0.774479] Freeing initrd memory: 19200K
[    0.775741] PCI-DMA: Using software bounce buffering for IO (SWIOTLB)
[    0.777618] software IO TLB: mapped [mem 0xdbff0000-0xdfff0000] (64MB)
[    0.778945] clocksource: tsc: mask: 0xffffffffffffffff max_cycles: 0x2135f7c97c8, max_idle_ns: 440795273205 ns
[    0.781528] platform rtc_cmos: registered platform RTC device (no PNP device found)
[    0.782887] Scanning for low memory corruption every 60 seconds
[    0.784595] Initialise system trusted keyrings
[    0.785956] Key type blacklist registered
[    0.786868] workingset: timestamp_bits=36 max_order=21 bucket_order=0
[    0.788951] zbud: loaded
[    0.791330] squashfs: version 4.0 (2009/01/31) Phillip Lougher
[    0.793108] fuse init (API version 7.26)
[    0.797987] Key type asymmetric registered
[    0.799209] Asymmetric key parser 'x509' registered
[    0.800148] Block layer SCSI generic (bsg) driver version 0.4 loaded (major 246)
[    0.801657] io scheduler noop registered
[    0.802596] io scheduler deadline registered
[    0.803387] io scheduler cfq registered (default)
[    0.804957] ACPI: AC Adapter [AC] (off-line)
[    0.806298] input: Power Button as /devices/LNXSYSTM:00/LNXPWRBN:00/input/input0
[    0.807657] ACPI: Power Button [PWRF]
[    0.808683] input: Sleep Button as /devices/LNXSYSTM:00/LNXSLPBN:00/input/input1
[    0.810064] ACPI: Sleep Button [SLPF]
[    0.811237] Serial: 8250/16550 driver, 32 ports, IRQ sharing enabled
[    0.812310] ACPI: Battery Slot [BAT0] (battery present)
[    0.834934] 00:02: ttyS0 at I/O 0x3f8 (irq = 4, base_baud = 115200) is a 16550A
[    0.842264] Linux agpgart interface v0.103
[    0.846797] loop: module loaded
[    0.848899] scsi host0: ata_piix
[    0.849711] scsi host1: ata_piix
[    0.850389] ata1: PATA max UDMA/33 cmd 0x1f0 ctl 0x3f6 bmdma 0xd000 irq 14
[    0.851561] ata2: PATA max UDMA/33 cmd 0x170 ctl 0x376 bmdma 0xd008 irq 15
[    0.852970] libphy: Fixed MDIO Bus: probed
[    0.854707] tun: Universal TUN/TAP device driver, 1.6
[    0.856119] PPP generic driver version 2.4.2
[    0.856993] ehci_hcd: USB 2.0 'Enhanced' Host Controller (EHCI) Driver
[    0.858328] ehci-pci: EHCI PCI platform driver
[    0.859139] ehci-platform: EHCI generic platform driver
[    0.860061] ohci_hcd: USB 1.1 'Open' Host Controller (OHCI) Driver
[    0.861254] ohci-pci: OHCI PCI platform driver
[    0.862903] ohci-platform: OHCI generic platform driver
[    0.863971] uhci_hcd: USB Universal Host Controller Interface driver
[    0.865232] i8042: PNP: PS/2 Controller [PNP0303:PS2K,PNP0f03:PS2M] at 0x60,0x64 irq 1,12
[    0.867037] serio: i8042 KBD port at 0x60,0x64 irq 1
[    0.867934] serio: i8042 AUX port at 0x60,0x64 irq 12
[    0.869091] mousedev: PS/2 mouse device common for all mice
[    0.871851] input: AT Translated Set 2 keyboard as /devices/platform/i8042/serio0/input/input2
[    0.873758] rtc_cmos rtc_cmos: rtc core: registered rtc_cmos as rtc0
[    0.875415] rtc_cmos rtc_cmos: alarms up to one day, 114 bytes nvram
[    0.876589] i2c /dev entries driver
[    0.877284] device-mapper: uevent: version 1.0.3
[    0.878796] device-mapper: ioctl: 4.37.0-ioctl (2017-09-20) initialised: dm-devel@redhat.com
[    0.881173] ledtrig-cpu: registered to indicate activity on CPUs
[    0.882901] NET: Registered protocol family 10
[    0.890446] Segment Routing with IPv6
[    0.891442] NET: Registered protocol family 17
[    0.892671] Key type dns_resolver registered
[    0.894223] mce: Using 0 MCE banks
[    0.896211] RAS: Correctable Errors collector initialized.
[    0.897569] sched_clock: Marking stable (896185260, 0)->(1205278460, -309093200)
[    0.899777] registered taskstats version 1
[    0.900950] Loading compiled-in X.509 certificates
[    0.905455] Loaded X.509 cert 'Build time autogenerated kernel key: 244b473b43e18b01f00e37a87f2ecd28620f0244'
[    0.908682] zswap: loaded using pool lzo/zbud
[    0.913712] Key type big_key registered
[    0.914640] Key type trusted registered
[    0.917103] Key type encrypted registered
[    0.918132] AppArmor: AppArmor sha1 policy hashing enabled
[    0.920054] ima: No TPM chip found, activating TPM-bypass! (rc=-19)
[    0.921307] ima: Allocated hash algorithm: sha1
[    0.922185] evm: HMAC attrs: 0x1
[    0.923104]   Magic number: 0:879:953
[    0.923818] memory memory6: hash matches
[    0.924665] rtc_cmos rtc_cmos: setting system clock to 2020-04-25 20:54:06 UTC (1587848046)
[    0.926835] BIOS EDD facility v0.16 2004-Jun-25, 0 devices found
[    0.928828] EDD information not available.
[    1.017120] Freeing unused kernel image memory: 2432K
[    1.032941] Write protecting the kernel read-only data: 20480k
[    1.035645] Freeing unused kernel image memory: 2008K
[    1.037203] Freeing unused kernel image memory: 1880K
[    1.044621] x86/mm: Checked W+X mappings: passed, no W+X pages found.
[    1.046176] x86/mm: Checking user space page tables
[    1.052899] x86/mm: Checked W+X mappings: passed, no W+X pages found.
Loading, please wait...
starting version 237
[    1.116267] e1000: Intel(R) PRO/1000 Network Driver - version 7.3.21-k8-NAPI
[    1.118063] e1000: Copyright (c) 1999-2006 Intel Corporation.
[    1.119856] Fusion MPT base driver 3.04.20
[    1.124673] Copyright (c) 1999-2008 LSI Corporation
[    1.166189] AVX2 version of gcm_enc/dec engaged.
[    1.167336] AES CTR mode by8 optimization enabled
[    1.174081] Fusion MPT SPI Host driver 3.04.20
[    1.368589] input: ImExPS/2 Generic Explorer Mouse as /devices/platform/i8042/serio1/input/input4
[    1.547924] e1000 0000:00:03.0 eth0: (PCI:33MHz:32-bit) 02:cf:14:98:e9:22
[    1.550287] e1000 0000:00:03.0 eth0: Intel(R) PRO/1000 Network Connection
[    2.239217] e1000 0000:00:08.0 eth1: (PCI:33MHz:32-bit) 08:00:27:60:9d:6d
[    2.240970] e1000 0000:00:08.0 eth1: Intel(R) PRO/1000 Network Connection
[    2.243468] mptbase: ioc0: Initiating bringup
[    2.243884] e1000 0000:00:03.0 enp0s3: renamed from eth0
[    2.264700] e1000 0000:00:08.0 enp0s8: renamed from eth1
[    2.352538] ioc0: LSI53C1030 A0: Capabilities={Initiator}
[    2.604370] scsi host2: ioc0: LSI53C1030 A0, FwRev=00000000h, Ports=1, MaxQ=256, IRQ=20
[    2.773848] scsi 2:0:0:0: Direct-Access     VBOX     HARDDISK         1.0  PQ: 0 ANSI: 5
[    2.813190] scsi target2:0:0: Beginning Domain Validation
[    2.817612] scsi target2:0:0: Domain Validation skipping write tests
[    2.819808] scsi target2:0:0: Ending Domain Validation
[    2.827265] scsi target2:0:0: asynchronous
[    2.831388] scsi 2:0:1:0: Direct-Access     VBOX     HARDDISK         1.0  PQ: 0 ANSI: 5
[    2.864393] scsi target2:0:1: Beginning Domain Validation
[    2.886557] random: fast init done
[    2.896505] scsi target2:0:1: Domain Validation skipping write tests
[    2.901283] scsi target2:0:1: Ending Domain Validation
[    2.906719] scsi target2:0:1: asynchronous
[    2.931419] random: systemd-udevd: uninitialized urandom read (16 bytes read)
[    2.931753] sd 2:0:0:0: Attached scsi generic sg0 type 0
[    2.934549] sd 2:0:0:0: [sda] 20971520 512-byte logical blocks: (10.7 GB/10.0 GiB)
[    2.935458] sd 2:0:0:0: [sda] Write Protect is off
[    2.936777] sd 2:0:0:0: [sda] Incomplete mode parameter data
[    2.936778] sd 2:0:0:0: [sda] Assuming drive cache: write through
[    2.941230] random: systemd-udevd: uninitialized urandom read (16 bytes read)
[    2.951289]  sda: sda1
[    2.965728] random: systemd-udevd: uninitialized urandom read (16 bytes read)
[    2.978487] sd 2:0:1:0: Attached scsi generic sg1 type 0
[    2.978629] sd 2:0:1:0: [sdb] 20480 512-byte logical blocks: (10.5 MB/10.0 MiB)
[    2.978760] sd 2:0:1:0: [sdb] Write Protect is off
[    2.979009] sd 2:0:1:0: [sdb] Incomplete mode parameter data
[    2.979010] sd 2:0:1:0: [sdb] Assuming drive cache: write through
[    2.987175] sd 2:0:0:0: [sda] Attached SCSI disk
[    2.987228] sd 2:0:1:0: [sdb] Attached SCSI disk
Begin: Loading essential drivers ... [    4.608272] raid6: sse2x1   gen() 12323 MB/s
[    4.656247] raid6: sse2x1   xor()  8594 MB/s
[    4.704297] raid6: sse2x2   gen() 14798 MB/s
[    4.752556] raid6: sse2x2   xor() 10117 MB/s
[    4.800079] raid6: sse2x4   gen() 17217 MB/s
[    4.848426] raid6: sse2x4   xor()  8942 MB/s
[    4.896695] raid6: avx2x1   gen() 21109 MB/s
[    4.944547] raid6: avx2x1   xor()  8959 MB/s
[    4.996206] raid6: avx2x2   gen() 16049 MB/s
[    5.044578] raid6: avx2x2   xor() 16277 MB/s
[    5.092862] raid6: avx2x4   gen() 27851 MB/s
[    5.140573] raid6: avx2x4   xor() 12819 MB/s
[    5.141731] raid6: using algorithm avx2x4 gen() 27851 MB/s
[    5.142998] raid6: .... xor() 12819 MB/s, rmw enabled
[    5.144621] raid6: using avx2x2 recovery algorithm
[    5.147294] xor: automatically using best checksumming function   avx       
[    5.152390] async_tx: api initialized (async)
done.
Begin: Running /scripts/init-premount ... done.
Begin: Mounting root file system ... Begin: Running /scripts/local-top ... done.
Begin: Running /scripts/local-premount ... [    5.201220] Btrfs loaded, crc32c=crc32c-intel
Scanning for Btrfs filesystems
done.
Warning: fsck not present, so skipping root file system
[    5.249239] EXT4-fs (sda1): mounted filesystem with ordered data mode. Opts: (null)
done.
Begin: Running /scripts/local-bottom ... done.
Begin: Running /scripts/init-bottom ... done.
[    5.489984] ip_tables: (C) 2000-2006 Netfilter Core Team
[    5.509473] systemd[1]: systemd 237 running in system mode. (+PAM +AUDIT +SELINUX +IMA +APPARMOR +SMACK +SYSVINIT +UTMP +LIBCRYPTSETUP +GCRYPT +GNUTLS +ACL +XZ +LZ4 +SECCOMP +BLKID +ELFUTILS +KMOD -IDN2 +IDN -PCRE2 default-hierarchy=hybrid)
[    5.516376] systemd[1]: Detected virtualization oracle.
[    5.517794] systemd[1]: Detected architecture x86-64.

Welcome to [1mUbuntu 18.04.4 LTS[0m!

[    5.568302] systemd[1]: Set hostname to <ubuntu>.
[    5.577058] systemd[1]: Initializing machine ID from random generator.
[    5.578794] systemd[1]: Installed transient /etc/machine-id file.
[    6.125992] systemd[1]: Created slice User and Session Slice.
[[0;32m  OK  [0m] Created slice User and Session Slice.
[    6.128299] systemd[1]: Set up automount Arbitrary Executable File Formats File System Automount Point.
[[0;32m  OK  [0m] Set up automount Arbitrary Executab…rmats File System Automount Point.
[    6.142417] systemd[1]: Reached target User and Group Name Lookups.
[[0;32m  OK  [0m] Reached target User and Group Name Lookups.
[    6.146100] systemd[1]: Reached target Swap.
[[0;32m  OK  [0m] Reached target Swap.
[[0;32m  OK  [0m] Reached target System Time Synchronized.
[[0;32m  OK  [0m] Started Forward Password Requests to Wall Directory Watch.
[[0;32m  OK  [0m] Created slice System Slice.
[[0;32m  OK  [0m] Listening on Journal Socket.
[[0;32m  OK  [0m] Listening on udev Kernel Socket.
[[0;32m  OK  [0m] Listening on Syslog Socket.
[[0;32m  OK  [0m] Listening on udev Control Socket.
[[0;32m  OK  [0m] Listening on LVM2 poll daemon socket.
         Starting Load Kernel Modules...
[[0;32m  OK  [0m] Reached target Slices.
[[0;32m  OK  [0m] Listening on Journal Audit Socket.
         Starting Create list of required st…ce nodes for the current kernel...
         Starting Set the console keyboard layout...
[[0;32m  OK  [0m] Created slice system-serial\x2dgetty.slice.
[[0;32m  OK  [0m] Listening on Journal Socket (/dev/log).
         Starting Journal Service...
         Mounting Huge Pages File System...
[[0;32m  OK  [0m] Listening on /dev/initctl Compatibility Named Pipe.
         Mounting POSIX Message Queue File System...
[[0;32m  OK  [0m] Listening on Network Service Netlink Socket.
[    6.183615] Loading iSCSI transport class v2.0-870.
         Mounting Kernel Debug File System...
[[0;32m  OK  [0m] Listening on LVM2 metadata daemon socket.
         Starting Uncomplicated firewall...
[    6.208638] iscsi: registered transport (tcp)
[    6.229612] iscsi: registered transport (iser)
[[0;32m  OK  [0m] Listening on Device-mapper event daemon FIFOs.
         Starting Monitoring of LVM2 mirrors…ng dmeventd or progress polling...
         Starting udev Coldplug all Devices...
         Starting Remount Root and Kernel File Systems...
[[0;32m  OK  [0m] Started Load Kernel Modules.
[[0;32m  OK  [0m] Started Create list of required sta…vice nodes for the current kernel.
[[0;32m  OK  [0m] Started Uncomplicated firewall.
         Starting Create Static Device Nodes in /dev...
         Starting Apply Kernel Variables...
         Mounting FUSE Control File System...
         Mounting Kernel Configuration File System...
[[0;32m  OK  [0m] Mounted Huge Pages File System.
[[0;32m  OK  [0m] Mounted POSIX Message Queue File System.
[[0;32m  OK  [0m] Mounted Kernel Debug File System.
[[0;32m  OK  [0m] Mounted FUSE Control File System.
[[0;32m  OK  [0m] Mounted Kernel Configuration File System.
[[0;32m  OK  [0m] Started Journal Service.
[[0;32m  OK  [0m] Started Create Static Device Nodes in /dev.
[[0;32m  OK  [0m] Started udev Coldplug all Devices.
[[0;32m  OK  [0m] Started Remount Root and Kernel File Systems.
         Starting udev Kernel Device Manager...
         Starting Flush Journal to Persistent Storage...
         Starting Load/Save Random Seed...
[[0;32m  OK  [0m] Started Apply Kernel Variables.
[[0;32m  OK  [0m] Started LVM2 metadata daemon.
[[0;32m  OK  [0m] Started Load/Save Random Seed.
[[0;32m  OK  [0m] Started udev Kernel Device Manager.
[[0;32m  OK  [0m] Started Flush Journal to Persistent Storage.
[[0;32m  OK  [0m] Started Monitoring of LVM2 mirrors,…sing dmeventd or progress polling.
[[0;32m  OK  [0m] Found device /dev/ttyS0.
[[0;32m  OK  [0m] Listening on Load/Save RF Kill Switch Status /dev/rfkill Watch.
[[0;32m  OK  [0m] Started Set the console keyboard layout.
[[0;32m  OK  [0m] Reached target Local File Systems (Pre).
[[0;32m  OK  [0m] Reached target Local File Systems.
         Starting Tell Plymouth To Write Out Runtime Data...
         Starting AppArmor initialization...
         Starting Set console font and keymap...
         Starting Commit a transient machine-id on disk...
         Starting Create Volatile Files and Directories...
         Starting ebtables ruleset management...
[[0;32m  OK  [0m] Started Dispatch Password Requests to Console Directory Watch.
[[0;32m  OK  [0m] Reached target Local Encrypted Volumes.
[[0;32m  OK  [0m] Started Tell Plymouth To Write Out Runtime Data.
[[0;32m  OK  [0m] Started Set console font and keymap.
[[0;32m  OK  [0m] Started Create Volatile Files and Directories.
         Starting Update UTMP about System Boot/Shutdown...
[[0;32m  OK  [0m] Started Update UTMP about System Boot/Shutdown.
[[0;32m  OK  [0m] Started ebtables ruleset management.
[[0;32m  OK  [0m] Started Commit a transient machine-id on disk.
[[0;32m  OK  [0m] Started AppArmor initialization.
         Starting Initial cloud-init job (pre-networking)...
[   10.146802] cloud-init[705]: Cloud-init v. 19.4-33-gbb4131a2-0ubuntu1~18.04.1 running 'init-local' at Sat, 25 Apr 2020 20:54:15 +0000. Up 9.77 seconds.
[[0;32m  OK  [0m] Started Initial cloud-init job (pre-networking).
[[0;32m  OK  [0m] Reached target Network (Pre).
         Starting Network Service...
[[0;32m  OK  [0m] Started Network Service.
         Starting Network Name Resolution...
         Starting Wait for Network to be Configured...
[[0;32m  OK  [0m] Started Network Name Resolution.
[[0;32m  OK  [0m] Reached target Network.
[[0;32m  OK  [0m] Reached target Host and Network Name Lookups.
[[0;32m  OK  [0m] Started Wait for Network to be Configured.
         Starting Initial cloud-init job (metadata service crawler)...
[   12.247866] cloud-init[811]: Cloud-init v. 19.4-33-gbb4131a2-0ubuntu1~18.04.1 running 'init' at Sat, 25 Apr 2020 20:54:17 +0000. Up 12.11 seconds.
[   12.250269] cloud-init[811]: ci-info: ++++++++++++++++++++++++++++++++++++++Net device info+++++++++++++++++++++++++++++++++++++++
[   12.252728] cloud-init[811]: ci-info: +--------+-------+----------------------------+---------------+--------+-------------------+
[   12.254602] cloud-init[811]: ci-info: | Device |   Up  |          Address           |      Mask     | Scope  |     Hw-Address    |
[   12.256948] cloud-init[811]: ci-info: +--------+-------+----------------------------+---------------+--------+-------------------+
[   12.259278] cloud-init[811]: ci-info: | enp0s3 |  True |         10.0.2.15          | 255.255.255.0 | global | 02:cf:14:98:e9:22 |
[   12.261391] cloud-init[811]: ci-info: | enp0s3 |  True | fe80::cf:14ff:fe98:e922/64 |       .       |  link  | 02:cf:14:98:e9:22 |
[   12.263721] cloud-init[811]: ci-info: | enp0s8 | False |             .              |       .       |   .    | 08:00:27:60:9d:6d |
[   12.277035] cloud-init[811]: ci-info: |   lo   |  True |         127.0.0.1          |   255.0.0.0   |  host  |         .         |
[   12.279738] cloud-init[811]: ci-info: |   lo   |  True |          ::1/128           |       .       |  host  |         .         |
[   12.281700] cloud-init[811]: ci-info: +--------+-------+----------------------------+---------------+--------+-------------------+
[   12.283471] cloud-init[811]: ci-info: ++++++++++++++++++++++++++++Route IPv4 info+++++++++++++++++++++++++++++
[   12.285244] cloud-init[811]: ci-info: +-------+-------------+----------+-----------------+-----------+-------+
[   12.286673] cloud-init[811]: ci-info: | Route | Destination | Gateway  |     Genmask     | Interface | Flags |
[   12.288284] cloud-init[811]: ci-info: +-------+-------------+----------+-----------------+-----------+-------+
[   12.289823] cloud-init[811]: ci-info: |   0   |   0.0.0.0   | 10.0.2.2 |     0.0.0.0     |   enp0s3  |   UG  |
[   12.291316] cloud-init[811]: ci-info: |   1   |   10.0.2.0  | 0.0.0.0  |  255.255.255.0  |   enp0s3  |   U   |
[   12.292607] cloud-init[811]: ci-info: |   2   |   10.0.2.2  | 0.0.0.0  | 255.255.255.255 |   enp0s3  |   UH  |
[   12.294046] cloud-init[811]: ci-info: +-------+-------------+----------+-----------------+-----------+-------+
[   12.295759] cloud-init[811]: ci-info: +++++++++++++++++++Route IPv6 info+++++++++++++++++++
[   12.297481] cloud-init[811]: ci-info: +-------+-------------+---------+-----------+-------+
[   12.298958] cloud-init[811]: ci-info: | Route | Destination | Gateway | Interface | Flags |
[   12.300656] cloud-init[811]: ci-info: +-------+-------------+---------+-----------+-------+
[   12.302236] cloud-init[811]: ci-info: |   1   |  fe80::/64  |    ::   |   enp0s3  |   U   |
[   12.303981] cloud-init[811]: ci-info: |   3   |    local    |    ::   |   enp0s3  |   U   |
[   12.305767] cloud-init[811]: ci-info: |   4   |   ff00::/8  |    ::   |   enp0s3  |   U   |
[   12.307142] cloud-init[811]: ci-info: +-------+-------------+---------+-----------+-------+
[   13.179436] cloud-init[811]: Generating public/private rsa key pair.
[   13.180273] cloud-init[811]: Your identification has been saved in /etc/ssh/ssh_host_rsa_key.
[   13.181546] cloud-init[811]: Your public key has been saved in /etc/ssh/ssh_host_rsa_key.pub.
[   13.182815] cloud-init[811]: The key fingerprint is:
[   13.192303] cloud-init[811]: SHA256:Zi9IPXjgrRnAgg9ZCTeqIa0Hhyqy/gtSHngCC2cMra8 root@ubuntu-bionic
[   13.193448] cloud-init[811]: The key's randomart image is:
[   13.194087] cloud-init[811]: +---[RSA 2048]----+
[   13.194762] cloud-init[811]: |oo+.             |
[   13.195334] cloud-init[811]: | @oo             |
[   13.196030] cloud-init[811]: |%.B o .          |
[   13.196756] cloud-init[811]: |B% . o =         |
[   13.197467] cloud-init[811]: |X.*   = S        |
[   13.198168] cloud-init[811]: |oB.. . O o       |
[   13.198878] cloud-init[811]: |oo.   + . .      |
[   13.199701] cloud-init[811]: |E .      .       |
[   13.200650] cloud-init[811]: | ..o.            |
[   13.201381] cloud-init[811]: +----[SHA256]-----+
[   13.202098] cloud-init[811]: Generating public/private dsa key pair.
[   13.203061] cloud-init[811]: Your identification has been saved in /etc/ssh/ssh_host_dsa_key.
[   13.204325] cloud-init[811]: Your public key has been saved in /etc/ssh/ssh_host_dsa_key.pub.
[   13.205581] cloud-init[811]: The key fingerprint is:
[   13.206349] cloud-init[811]: SHA256:0cvdizV1AcLI/+Y1t2AMBzyhcPZkWp5Johv+2WtCM5A root@ubuntu-bionic
[   13.207735] cloud-init[811]: The key's randomart image is:
[   13.208636] cloud-init[811]: +---[DSA 1024]----+
[   13.209475] cloud-init[811]: |       ..++B.... |
[   13.210236] cloud-init[811]: |        =+@=+   .|
[   13.211229] cloud-init[811]: |       oooo=o   o|
[   13.211678] cloud-init[811]: |      .Eoo = o ..|
[   13.212542] cloud-init[811]: |       oS o * +  |
[   13.213421] cloud-init[811]: |        .+o  O =.|
[   13.214254] cloud-init[811]: |        .oo.= + +|
[   13.215106] cloud-init[811]: |         . ... . |
[   13.216064] cloud-init[811]: |          o.     |
[   13.228303] cloud-init[811]: +----[SHA256]-----+
[   13.228977] cloud-init[811]: Generating public/private ecdsa key pair.
[   13.229854] cloud-init[811]: Your identification has been saved in /etc/ssh/ssh_host_ecdsa_key.
[   13.230860] cloud-init[811]: Your public key has been saved in /etc/ssh/ssh_host_ecdsa_key.pub.
[   13.231794] cloud-init[811]: The key fingerprint is:
[   13.232572] cloud-init[811]: SHA256:Q/mqM3j05lr0bir+k7T5XimyACQPvq+5UD2rCE4cukc root@ubuntu-bionic
[   13.233548] cloud-init[811]: The key's randomart image is:
[   13.234384] cloud-init[811]: +---[ECDSA 256]---+
[   13.235104] cloud-init[811]: |                 |
[   13.235895] cloud-init[811]: |         .       |
[   13.236625] cloud-init[811]: |  o .   o        |
[   13.237328] cloud-init[811]: | . *   . .       |
[   13.238058] cloud-init[811]: | .o =   S .      |
[   13.238757] cloud-init[811]: |o.E. +...+   .   |
[   13.239456] cloud-init[811]: |++. .o.o++o o    |
[   13.240170] cloud-init[811]: |++.+. =+B+.o     |
[   13.240833] cloud-init[811]: |oo=o.o+O=*+      |
[   13.241647] cloud-init[811]: +----[SHA256]-----+
[   13.242336] cloud-init[811]: Generating public/private ed25519 key pair.
[   13.243398] cloud-init[811]: Your identification has been saved in /etc/ssh/ssh_host_ed25519_key.
[   13.244712] cloud-init[811]: Your public key has been saved in /etc/ssh/ssh_host_ed25519_key.pub.
[   13.246111] cloud-init[811]: The key fingerprint is:
[   13.246856] cloud-init[811]: SHA256:fAWm5FKjriecKm1Nqf6kya0qz+NfCUIas2t9Sx5eYWY root@ubuntu-bionic
[   13.248343] cloud-init[811]: The key's randomart image is:
[   13.249189] cloud-init[811]: +--[ED25519 256]--+
[   13.249890] cloud-init[811]: |        + o      |
[   13.250619] cloud-init[811]: |       = + .     |
[   13.251346] cloud-init[811]: |o .   o o   .    |
[   13.266205] cloud-init[811]: | *   . o   .     |
[   13.267246] cloud-init[811]: |o . ...ES .      |
[   13.267785] cloud-init[811]: | ..oo++...       |
[   13.268717] cloud-init[811]: |.o =*++.         |
[[0;32m  OK  [0m] Started Initial cloud-init job (metadata service crawler).
[   13.280686] cloud-init[811]: |+o=**++          |
[[0;32m  OK  [0m] Reached target System Initialization.
[   13.283593] cloud-init[811]: |oB@=++           |
[[0;32m  OK  [0m] Started Discard unused blocks once a week.
[   13.286614] cloud-init[811]: +----[SHA256]-----+
[[0;32m  OK  [0m] Listening on UUID daemon activation socket.
[[0;32m  OK  [0m] Listening on ACPID Listen Socket.
         Starting Socket activation for snappy daemon.
[[0;32m  OK  [0m] Listening on Open-iSCSI iscsid Socket.
[[0;32m  OK  [0m] Started Daily Cleanup of Temporary Directories.
[[0;32m  OK  [0m] Started ACPI Events Check.
[[0;32m  OK  [0m] Reached target Paths.
[[0;32m  OK  [0m] Started Message of the Day.
[[0;32m  OK  [0m] Started Daily apt download activities.
[[0;32m  OK  [0m] Started Daily apt upgrade and clean activities.
[[0;32m  OK  [0m] Reached target Timers.
[[0;32m  OK  [0m] Listening on D-Bus System Message Bus Socket.
         Starting LXD - unix socket.
[[0;32m  OK  [0m] Reached target Network is Online.
[[0;32m  OK  [0m] Reached target Remote File Systems (Pre).
[[0;32m  OK  [0m] Reached target Remote File Systems.
         Starting Availability of block devices...
[[0;32m  OK  [0m] Reached target Cloud-config availability.
[[0;32m  OK  [0m] Listening on Socket activation for snappy daemon.
[[0;32m  OK  [0m] Listening on LXD - unix socket.
[[0;32m  OK  [0m] Reached target Sockets.
[[0;32m  OK  [0m] Reached target Basic System.
         Starting Dispatcher daemon for systemd-networkd...
         Starting Accounts Service...
[[0;32m  OK  [0m] Started Regular background program processing daemon.
         Starting Virtualbox guest utils...
[[0;32m  OK  [0m] Started Deferred execution scheduler.
[[0;32m  OK  [0m] Started D-Bus System Message Bus.
         Starting Permit User Sessions...
[[0;32m  OK  [0m] Started irqbalance daemon.
         Starting Snappy daemon...
         Starting Login Service...
         Starting LXD - container startup/shutdown...
         Starting LSB: Record successful boot for GRUB...
         Starting Pollinate to seed the pseudo random number generator...
         Starting LSB: automatic crash report generation...
[[0;32m  OK  [0m] Started FUSE filesystem for LXC.
         Starting System Logging Service...
[[0;32m  OK  [0m] Started Availability of block devices.
[[0;32m  OK  [0m] Started Permit User Sessions.
[[0;32m  OK  [0m] Started Login Service.
[[0;32m  OK  [0m] Started Unattended Upgrades Shutdown.
         Starting Authorization Manager...
         Starting Terminate Plymouth Boot Screen...
         Starting Hold until boot process finishes up...
[[0;32m  OK  [0m] Started Hold until boot process finishes up.
[[0;32m  OK  [0m] Started Terminate Plymouth Boot Screen.
         Starting Set console scheme...
[[0;32m  OK  [0m] Started Serial Getty on ttyS0.
[[0;32m  OK  [0m] Started System Logging Service.
[[0;32m  OK  [0m] Started Set console scheme.
[[0;32m  OK  [0m] Created slice system-getty.slice.
[[0;32m  OK  [0m] Started Getty on tty1.
[[0;32m  OK  [0m] Reached target Login Prompts.
[[0;32m  OK  [0m] Started Dispatcher daemon for systemd-networkd.
[[0;32m  OK  [0m] Started LSB: automatic crash report generation.
[[0;32m  OK  [0m] Started LSB: Record successful boot for GRUB.
[[0;32m  OK  [0m] Started Authorization Manager.
[[0;32m  OK  [0m] Started Accounts Service.
[[0;32m  OK  [0m] Started LXD - container startup/shutdown.
[[0;32m  OK  [0m] Started Virtualbox guest utils.
[[0;32m  OK  [0m] Started Snappy daemon.
         Starting Wait until snapd is fully seeded...
[[0;32m  OK  [0m] Started Pollinate to seed the pseudo random number generator.
         Starting OpenBSD Secure Shell server...
[[0;32m  OK  [0m] Started OpenBSD Secure Shell server.
[[0;32m  OK  [0m] Started Wait until snapd is fully seeded.
         Starting Apply the settings specified in cloud-config...
[[0;32m  OK  [0m] Reached target Multi-User System.
[[0;32m  OK  [0m] Reached target Graphical Interface.
         Starting Update UTMP about System Runlevel Changes...
[[0;32m  OK  [0m] Started Update UTMP about System Runlevel Changes.
[[0;32m  OK  [0m] Created slice User Slice of vagrant.
         Starting User Manager for UID 1000...
[[0;32m  OK  [0m] Started Session 1 of user vagrant.
[[0;32m  OK  [0m] Started User Manager for UID 1000.
[   17.323665] cloud-init[1407]: Cloud-init v. 19.4-33-gbb4131a2-0ubuntu1~18.04.1 running 'modules:config' at Sat, 25 Apr 2020 20:54:22 +0000. Up 16.63 seconds.
[[0;32m  OK  [0m] Started Apply the settings specified in cloud-config.
         Starting Execute cloud user/final scripts...
ci-info: no authorized SSH keys fingerprints found for user ubuntu.
<14>Apr 25 20:54:23 ec2: 
<14>Apr 25 20:54:23 ec2: #############################################################
<14>Apr 25 20:54:23 ec2: -----BEGIN SSH HOST KEY FINGERPRINTS-----
<14>Apr 25 20:54:23 ec2: 1024 SHA256:0cvdizV1AcLI/+Y1t2AMBzyhcPZkWp5Johv+2WtCM5A root@ubuntu-bionic (DSA)
<14>Apr 25 20:54:23 ec2: 256 SHA256:Q/mqM3j05lr0bir+k7T5XimyACQPvq+5UD2rCE4cukc root@ubuntu-bionic (ECDSA)
<14>Apr 25 20:54:23 ec2: 256 SHA256:fAWm5FKjriecKm1Nqf6kya0qz+NfCUIas2t9Sx5eYWY root@ubuntu-bionic (ED25519)
<14>Apr 25 20:54:23 ec2: 2048 SHA256:Zi9IPXjgrRnAgg9ZCTeqIa0Hhyqy/gtSHngCC2cMra8 root@ubuntu-bionic (RSA)
<14>Apr 25 20:54:23 ec2: -----END SSH HOST KEY FINGERPRINTS-----
<14>Apr 25 20:54:23 ec2: #############################################################
-----BEGIN SSH HOST KEY KEYS-----
ecdsa-sha2-nistp256 AAAAE2VjZHNhLXNoYTItbmlzdHAyNTYAAAAIbmlzdHAyNTYAAABBBL2Rp+kMaQdq6sK/+EdM3rNo1kZkmfwESWoO0GB1Okrz/Yjvjm6nNYJ4QvUE110wD0t8QtTrAmv3FpF54znI3MY= root@ubuntu-bionic
ssh-ed25519 AAAAC3NzaC1lZDI1NTE5AAAAIBMwwxe3b+WcGbj905z9EoT6O6KL1Lrp51Typs6VXA6z root@ubuntu-bionic
ssh-rsa AAAAB3NzaC1yc2EAAAADAQABAAABAQD1J48VxDRH36J20yt2EIaQJNlm/W7HFrJrfg8LVhw88GUYUX8nQoN/rf0bXpwR7LprjxWevsjaYqjrDhgkmDLfhwLGT1PZBfufr3D2H3wyIBm6o4YkVc1FklcbRIBE2sQfOi9PmAHWSAR8xS9uU3fOm9jo65YAGTlyANjUicysE/tmDNaOpUHb9QKXxqG5JRQQSDsg8bs1IAiegwGSwzB2nFgAsVD5PTob65/2GV4UymaEl/1MNcWhiJeCGP1R2tTUNPhr5C3cAkI4Ju+QK+GZ8rlRhRDEztjwBJ7aqOxkG+FF4TbLF0M5fmHf2Eo7O4Gpy8/dIjXEy+a0+tSQSGAf root@ubuntu-bionic
-----END SSH HOST KEY KEYS-----
[   18.084820] cloud-init[1526]: Cloud-init v. 19.4-33-gbb4131a2-0ubuntu1~18.04.1 running 'modules:final' at Sat, 25 Apr 2020 20:54:23 +0000. Up 17.88 seconds.
[   18.088334] cloud-init[1526]: ci-info: no authorized SSH keys fingerprints found for user ubuntu.
[   18.090048] cloud-init[1526]: Cloud-init v. 19.4-33-gbb4131a2-0ubuntu1~18.04.1 finished at Sat, 25 Apr 2020 20:54:23 +0000. Datasource DataSourceNoCloud [seed=/dev/sdb][dsmode=net].  Up 18.07 seconds
[[0;32m  OK  [0m] Started Execute cloud user/final scripts.
[[0;32m  OK  [0m] Reached target Cloud-init target.

Ubuntu 18.04.4 LTS ubuntu-bionic ttyS0

ubuntu-bionic login: 