[    0.000000] Linux version 4.15.0-96-generic (buildd@lgw01-amd64-004) (gcc version 7.5.0 (Ubuntu 7.5.0-3ubuntu1~18.04)) #97-Ubuntu SMP Wed Apr 1 03:25:46 UTC 2020 (Ubuntu 4.15.0-96.97-generic 4.15.18)
[    0.000000] Command line: BOOT_IMAGE=/boot/vmlinuz-4.15.0-96-generic root=LABEL=cloudimg-rootfs ro console=tty1 console=ttyS0
[    0.000000] KERNEL supported cpus:
[    0.000000]   Intel GenuineIntel
[    0.000000]   AMD AuthenticAMD
[    0.000000]   Centaur CentaurHauls
[    0.000000] x86/fpu: Supporting XSAVE feature 0x001: 'x87 floating point registers'
[    0.000000] x86/fpu: Supporting XSAVE feature 0x002: 'SSE registers'
[    0.000000] x86/fpu: Supporting XSAVE feature 0x004: 'AVX registers'
[    0.000000] x86/fpu: xstate_offset[2]:  576, xstate_sizes[2]:  256
[    0.000000] x86/fpu: Enabled xstate features 0x7, context size is 832 bytes, using 'standard' format.
[    0.000000] e820: BIOS-provided physical RAM map:
[    0.000000] BIOS-e820: [mem 0x0000000000000000-0x000000000009fbff] usable
[    0.000000] BIOS-e820: [mem 0x000000000009fc00-0x000000000009ffff] reserved
[    0.000000] BIOS-e820: [mem 0x00000000000f0000-0x00000000000fffff] reserved
[    0.000000] BIOS-e820: [mem 0x0000000000100000-0x00000000dffeffff] usable
[    0.000000] BIOS-e820: [mem 0x00000000dfff0000-0x00000000dfffffff] ACPI data
[    0.000000] BIOS-e820: [mem 0x00000000fec00000-0x00000000fec00fff] reserved
[    0.000000] BIOS-e820: [mem 0x00000000fee00000-0x00000000fee00fff] reserved
[    0.000000] BIOS-e820: [mem 0x00000000fffc0000-0x00000000ffffffff] reserved
[    0.000000] BIOS-e820: [mem 0x0000000100000000-0x000000011fffffff] usable
[    0.000000] NX (Execute Disable) protection: active
[    0.000000] SMBIOS 2.5 present.
[    0.000000] DMI: innotek GmbH VirtualBox/VirtualBox, BIOS VirtualBox 12/01/2006
[    0.000000] Hypervisor detected: KVM
[    0.000000] e820: last_pfn = 0x120000 max_arch_pfn = 0x400000000
[    0.000000] MTRR: Disabled
[    0.000000] x86/PAT: MTRRs disabled, skipping PAT initialization too.
[    0.000000] CPU MTRRs all blank - virtualized system.
[    0.000000] x86/PAT: Configuration [0-7]: WB  WT  UC- UC  WB  WT  UC- UC  
[    0.000000] e820: last_pfn = 0xdfff0 max_arch_pfn = 0x400000000
[    0.000000] found SMP MP-table at [mem 0x0009fff0-0x0009ffff]
[    0.000000] Scanning 1 areas for low memory corruption
[    0.000000] RAMDISK: [mem 0x35a6f000-0x36d2efff]
[    0.000000] ACPI: Early table checksum verification disabled
[    0.000000] ACPI: RSDP 0x00000000000E0000 000024 (v02 VBOX  )
[    0.000000] ACPI: XSDT 0x00000000DFFF0030 00003C (v01 VBOX   VBOXXSDT 00000001 ASL  00000061)
[    0.000000] ACPI: FACP 0x00000000DFFF00F0 0000F4 (v04 VBOX   VBOXFACP 00000001 ASL  00000061)
[    0.000000] ACPI: DSDT 0x00000000DFFF0480 002325 (v02 VBOX   VBOXBIOS 00000002 INTL 20120111)
[    0.000000] ACPI: FACS 0x00000000DFFF0200 000040
[    0.000000] ACPI: FACS 0x00000000DFFF0200 000040
[    0.000000] ACPI: APIC 0x00000000DFFF0240 00006C (v02 VBOX   VBOXAPIC 00000001 ASL  00000061)
[    0.000000] ACPI: SSDT 0x00000000DFFF02B0 0001CC (v01 VBOX   VBOXCPUT 00000002 INTL 20120111)
[    0.000000] No NUMA configuration found
[    0.000000] Faking a node at [mem 0x0000000000000000-0x000000011fffffff]
[    0.000000] NODE_DATA(0) allocated [mem 0x11ffd5000-0x11fffffff]
[    0.000000] kvm-clock: cpu 0, msr 1:1ff54001, primary cpu clock
[    0.000000] kvm-clock: Using msrs 4b564d01 and 4b564d00
[    0.000000] kvm-clock: using sched offset of 6723709724 cycles
[    0.000000] clocksource: kvm-clock: mask: 0xffffffffffffffff max_cycles: 0x1cd42e4dffb, max_idle_ns: 881590591483 ns
[    0.000000] Zone ranges:
[    0.000000]   DMA      [mem 0x0000000000001000-0x0000000000ffffff]
[    0.000000]   DMA32    [mem 0x0000000001000000-0x00000000ffffffff]
[    0.000000]   Normal   [mem 0x0000000100000000-0x000000011fffffff]
[    0.000000]   Device   empty
[    0.000000] Movable zone start for each node
[    0.000000] Early memory node ranges
[    0.000000]   node   0: [mem 0x0000000000001000-0x000000000009efff]
[    0.000000]   node   0: [mem 0x0000000000100000-0x00000000dffeffff]
[    0.000000]   node   0: [mem 0x0000000100000000-0x000000011fffffff]
[    0.000000] Reserved but unavailable: 98 pages
[    0.000000] Initmem setup node 0 [mem 0x0000000000001000-0x000000011fffffff]
[    0.000000] ACPI: PM-Timer IO Port: 0x4008
[    0.000000] IOAPIC[0]: apic_id 4, version 32, address 0xfec00000, GSI 0-23
[    0.000000] ACPI: INT_SRC_OVR (bus 0 bus_irq 0 global_irq 2 dfl dfl)
[    0.000000] ACPI: INT_SRC_OVR (bus 0 bus_irq 9 global_irq 9 low level)
[    0.000000] Using ACPI (MADT) for SMP configuration information
[    0.000000] smpboot: Allowing 4 CPUs, 0 hotplug CPUs
[    0.000000] PM: Registered nosave memory: [mem 0x00000000-0x00000fff]
[    0.000000] PM: Registered nosave memory: [mem 0x0009f000-0x0009ffff]
[    0.000000] PM: Registered nosave memory: [mem 0x000a0000-0x000effff]
[    0.000000] PM: Registered nosave memory: [mem 0x000f0000-0x000fffff]
[    0.000000] PM: Registered nosave memory: [mem 0xdfff0000-0xdfffffff]
[    0.000000] PM: Registered nosave memory: [mem 0xe0000000-0xfebfffff]
[    0.000000] PM: Registered nosave memory: [mem 0xfec00000-0xfec00fff]
[    0.000000] PM: Registered nosave memory: [mem 0xfec01000-0xfedfffff]
[    0.000000] PM: Registered nosave memory: [mem 0xfee00000-0xfee00fff]
[    0.000000] PM: Registered nosave memory: [mem 0xfee01000-0xfffbffff]
[    0.000000] PM: Registered nosave memory: [mem 0xfffc0000-0xffffffff]
[    0.000000] e820: [mem 0xe0000000-0xfebfffff] available for PCI devices
[    0.000000] Booting paravirtualized kernel on KVM
[    0.000000] clocksource: refined-jiffies: mask: 0xffffffff max_cycles: 0xffffffff, max_idle_ns: 7645519600211568 ns
[    0.000000] random: get_random_bytes called from start_kernel+0x99/0x4fd with crng_init=0
[    0.000000] setup_percpu: NR_CPUS:8192 nr_cpumask_bits:4 nr_cpu_ids:4 nr_node_ids:1
[    0.000000] percpu: Embedded 45 pages/cpu s147456 r8192 d28672 u524288
[    0.000000] PV qspinlock hash table entries: 256 (order: 0, 4096 bytes)
[    0.000000] Built 1 zonelists, mobility grouping on.  Total pages: 1032057
[    0.000000] Policy zone: Normal
[    0.000000] Kernel command line: BOOT_IMAGE=/boot/vmlinuz-4.15.0-96-generic root=LABEL=cloudimg-rootfs ro console=tty1 console=ttyS0
[    0.000000] Memory: 4013332K/4193848K available (12300K kernel code, 2481K rwdata, 4264K rodata, 2432K init, 2712K bss, 180516K reserved, 0K cma-reserved)
[    0.000000] SLUB: HWalign=64, Order=0-3, MinObjects=0, CPUs=4, Nodes=1
[    0.000000] Kernel/User page tables isolation: enabled
[    0.000000] ftrace: allocating 39351 entries in 154 pages
[    0.004000] Hierarchical RCU implementation.
[    0.004000] 	RCU restricting CPUs from NR_CPUS=8192 to nr_cpu_ids=4.
[    0.004000] 	Tasks RCU enabled.
[    0.004000] RCU: Adjusting geometry for rcu_fanout_leaf=16, nr_cpu_ids=4
[    0.004000] NR_IRQS: 524544, nr_irqs: 456, preallocated irqs: 16
[    0.004000] Console: colour VGA+ 80x25
[    0.004000] console [tty1] enabled
[    0.004000] console [ttyS0] enabled
[    0.004000] ACPI: Core revision 20170831
[    0.004000] ACPI: 2 ACPI AML tables successfully acquired and loaded
[    0.004000] APIC: Switch to symmetric I/O mode setup
[    0.004000] x2apic enabled
[    0.004000] Switched APIC routing to physical x2apic.
[    0.005381] ..TIMER: vector=0x30 apic1=0 pin1=2 apic2=-1 pin2=-1
[    0.008004] tsc: Detected 2304.000 MHz processor
[    0.009685] Calibrating delay loop (skipped) preset value.. 4608.00 BogoMIPS (lpj=9216000)
[    0.012005] pid_max: default: 32768 minimum: 301
[    0.013937] Security Framework initialized
[    0.016005] Yama: becoming mindful.
[    0.017296] AppArmor: AppArmor initialized
[    0.021723] Dentry cache hash table entries: 524288 (order: 10, 4194304 bytes)
[    0.025565] Inode-cache hash table entries: 262144 (order: 9, 2097152 bytes)
[    0.028038] Mount-cache hash table entries: 8192 (order: 4, 65536 bytes)
[    0.030062] Mountpoint-cache hash table entries: 8192 (order: 4, 65536 bytes)
[    0.032343] Last level iTLB entries: 4KB 64, 2MB 8, 4MB 8
[    0.036004] Last level dTLB entries: 4KB 64, 2MB 0, 4MB 0, 1GB 4
[    0.038054] Spectre V1 : Mitigation: usercopy/swapgs barriers and __user pointer sanitization
[    0.040006] Spectre V2 : Mitigation: Full generic retpoline
[    0.042365] Spectre V2 : Spectre v2 / SpectreRSB mitigation: Filling RSB on context switch
[    0.044005] Speculative Store Bypass: Vulnerable
[    0.048044] MDS: Mitigation: Clear CPU buffers
[    0.049820] Freeing SMP alternatives memory: 36K
[    0.162666] smpboot: CPU0: Intel(R) Core(TM) i5-7360U CPU @ 2.30GHz (family: 0x6, model: 0x8e, stepping: 0x9)
[    0.164000] Performance Events: unsupported p6 CPU model 142 no PMU driver, software events only.
[    0.164031] Hierarchical SRCU implementation.
[    0.165540] NMI watchdog: Perf event create on CPU 0 failed with -2
[    0.166748] NMI watchdog: Perf NMI watchdog permanently disabled
[    0.168057] smp: Bringing up secondary CPUs ...
[    0.170307] x86: Booting SMP configuration:
[    0.172003] .... node  #0, CPUs:      #1
[    0.004000] kvm-clock: cpu 1, msr 1:1ff54041, secondary cpu clock
[    0.179349]  #2
[    0.004000] kvm-clock: cpu 2, msr 1:1ff54081, secondary cpu clock
[    0.183901]  #3
[    0.004000] kvm-clock: cpu 3, msr 1:1ff540c1, secondary cpu clock
[    0.188004] smp: Brought up 1 node, 4 CPUs
[    0.189210] smpboot: Max logical packages: 1
[    0.190052] smpboot: Total of 4 processors activated (18432.00 BogoMIPS)
[    0.191543] devtmpfs: initialized
[    0.192051] x86/mm: Memory block size: 128MB
[    0.193322] evm: security.selinux
[    0.193997] evm: security.SMACK64
[    0.194664] evm: security.SMACK64EXEC
[    0.196002] evm: security.SMACK64TRANSMUTE
[    0.197174] evm: security.SMACK64MMAP
[    0.197924] evm: security.apparmor
[    0.198625] evm: security.ima
[    0.199321] evm: security.capability
[    0.200091] clocksource: jiffies: mask: 0xffffffff max_cycles: 0xffffffff, max_idle_ns: 7645041785100000 ns
[    0.201868] futex hash table entries: 1024 (order: 4, 65536 bytes)
[    0.204078] pinctrl core: initialized pinctrl subsystem
[    0.205190] RTC time: 22:13:42, date: 02/06/21
[    0.206905] NET: Registered protocol family 16
[    0.208066] audit: initializing netlink subsys (disabled)
[    0.209129] audit: type=2000 audit(1612649630.433:1): state=initialized audit_enabled=0 res=1
[    0.212005] cpuidle: using governor ladder
[    0.213259] cpuidle: using governor menu
[    0.214131] ACPI: bus type PCI registered
[    0.214925] acpiphp: ACPI Hot Plug PCI Controller Driver version: 0.5
[    0.216115] PCI: Using configuration type 1 for base access
[    0.217503] HugeTLB registered 2.00 MiB page size, pre-allocated 0 pages
[    0.221251] ACPI: Added _OSI(Module Device)
[    0.224005] ACPI: Added _OSI(Processor Device)
[    0.225261] ACPI: Added _OSI(3.0 _SCP Extensions)
[    0.226663] ACPI: Added _OSI(Processor Aggregator Device)
[    0.228007] ACPI: Added _OSI(Linux-Dell-Video)
[    0.229075] ACPI: Added _OSI(Linux-Lenovo-NV-HDMI-Audio)
[    0.230787] ACPI: Added _OSI(Linux-HPI-Hybrid-Graphics)
[    0.232388] ACPI: Executed 1 blocks of module-level executable AML code
[    0.237782] ACPI: Interpreter enabled
[    0.238601] ACPI: (supports S0 S5)
[    0.239290] ACPI: Using IOAPIC for interrupt routing
[    0.240185] PCI: Using host bridge windows from ACPI; if necessary, use "pci=nocrs" and report a bug
[    0.242261] ACPI: Enabled 2 GPEs in block 00 to 07
[    0.250471] ACPI: PCI Root Bridge [PCI0] (domain 0000 [bus 00-ff])
[    0.252007] acpi PNP0A03:00: _OSC: OS supports [ASPM ClockPM Segments MSI]
[    0.253968] acpi PNP0A03:00: _OSC: not requesting OS control; OS requires [ExtendedConfig ASPM ClockPM MSI]
[    0.256014] acpi PNP0A03:00: fail to add MMCONFIG information, can't access extended PCI configuration space under this bridge.
[    0.258843] PCI host bridge to bus 0000:00
[    0.260004] pci_bus 0000:00: root bus resource [io  0x0000-0x0cf7 window]
[    0.261387] pci_bus 0000:00: root bus resource [io  0x0d00-0xffff window]
[    0.264003] pci_bus 0000:00: root bus resource [mem 0x000a0000-0x000bffff window]
[    0.265449] pci_bus 0000:00: root bus resource [mem 0xe0000000-0xfdffffff window]
[    0.266893] pci_bus 0000:00: root bus resource [bus 00-ff]
[    0.270586] pci 0000:00:01.1: legacy IDE quirk: reg 0x10: [io  0x01f0-0x01f7]
[    0.272003] pci 0000:00:01.1: legacy IDE quirk: reg 0x14: [io  0x03f6]
[    0.273290] pci 0000:00:01.1: legacy IDE quirk: reg 0x18: [io  0x0170-0x0177]
[    0.276002] pci 0000:00:01.1: legacy IDE quirk: reg 0x1c: [io  0x0376]
[    0.306291] pci 0000:00:07.0: quirk: [io  0x4000-0x403f] claimed by PIIX4 ACPI
[    0.308021] pci 0000:00:07.0: quirk: [io  0x4100-0x410f] claimed by PIIX4 SMB
[    0.328279] ACPI: PCI Interrupt Link [LNKA] (IRQs 5 9 10 *11)
[    0.330242] ACPI: PCI Interrupt Link [LNKB] (IRQs 5 9 *10 11)
[    0.331536] ACPI: PCI Interrupt Link [LNKC] (IRQs 5 *9 10 11)
[    0.332201] ACPI: PCI Interrupt Link [LNKD] (IRQs 5 9 10 *11)
[    0.334155] SCSI subsystem initialized
[    0.336066] pci 0000:00:02.0: vgaarb: setting as boot VGA device
[    0.337516] pci 0000:00:02.0: vgaarb: VGA device added: decodes=io+mem,owns=io+mem,locks=none
[    0.340011] pci 0000:00:02.0: vgaarb: bridge control possible
[    0.341233] vgaarb: loaded
[    0.341869] ACPI: bus type USB registered
[    0.342917] usbcore: registered new interface driver usbfs
[    0.344013] usbcore: registered new interface driver hub
[    0.345334] usbcore: registered new device driver usb
[    0.346726] EDAC MC: Ver: 3.0.0
[    0.348301] PCI: Using ACPI for IRQ routing
[    0.349206] NetLabel: Initializing
[    0.350009] NetLabel:  domain hash size = 128
[    0.352003] NetLabel:  protocols = UNLABELED CIPSOv4 CALIPSO
[    0.353652] NetLabel:  unlabeled traffic allowed by default
[    0.354747] clocksource: Switched to clocksource kvm-clock
[    0.365064] VFS: Disk quotas dquot_6.6.0
[    0.366308] VFS: Dquot-cache hash table entries: 512 (order 0, 4096 bytes)
[    0.367725] AppArmor: AppArmor Filesystem Enabled
[    0.368839] pnp: PnP ACPI init
[    0.370893] pnp: PnP ACPI: found 3 devices
[    0.381772] clocksource: acpi_pm: mask: 0xffffff max_cycles: 0xffffff, max_idle_ns: 2085701024 ns
[    0.383949] NET: Registered protocol family 2
[    0.385026] TCP established hash table entries: 32768 (order: 6, 262144 bytes)
[    0.386546] TCP bind hash table entries: 32768 (order: 7, 524288 bytes)
[    0.388836] TCP: Hash tables configured (established 32768 bind 32768)
[    0.390288] UDP hash table entries: 2048 (order: 4, 65536 bytes)
[    0.391579] UDP-Lite hash table entries: 2048 (order: 4, 65536 bytes)
[    0.393230] NET: Registered protocol family 1
[    0.394115] pci 0000:00:00.0: Limiting direct PCI/PCI transfers
[    0.395411] pci 0000:00:01.0: Activating ISA DMA hang workarounds
[    0.397190] pci 0000:00:02.0: Video device with shadowed ROM at [mem 0x000c0000-0x000dffff]
[    0.398965] Unpacking initramfs...
[    0.663137] Freeing initrd memory: 19200K
[    0.664480] PCI-DMA: Using software bounce buffering for IO (SWIOTLB)
[    0.665766] software IO TLB: mapped [mem 0xdbff0000-0xdfff0000] (64MB)
[    0.667035] clocksource: tsc: mask: 0xffffffffffffffff max_cycles: 0x2135f7c97c8, max_idle_ns: 440795273205 ns
[    0.669184] platform rtc_cmos: registered platform RTC device (no PNP device found)
[    0.671149] Scanning for low memory corruption every 60 seconds
[    0.673262] Initialise system trusted keyrings
[    0.675009] Key type blacklist registered
[    0.676447] workingset: timestamp_bits=36 max_order=20 bucket_order=0
[    0.678674] zbud: loaded
[    0.679853] squashfs: version 4.0 (2009/01/31) Phillip Lougher
[    0.681530] fuse init (API version 7.26)
[    0.687093] Key type asymmetric registered
[    0.687913] Asymmetric key parser 'x509' registered
[    0.688967] Block layer SCSI generic (bsg) driver version 0.4 loaded (major 246)
[    0.691819] io scheduler noop registered
[    0.692678] io scheduler deadline registered
[    0.693564] io scheduler cfq registered (default)
[    0.695182] ACPI: AC Adapter [AC] (on-line)
[    0.696497] input: Power Button as /devices/LNXSYSTM:00/LNXPWRBN:00/input/input0
[    0.698015] ACPI: Power Button [PWRF]
[    0.699147] input: Sleep Button as /devices/LNXSYSTM:00/LNXSLPBN:00/input/input1
[    0.700673] ACPI: Sleep Button [SLPF]
[    0.702813] ACPI: Battery Slot [BAT0] (battery present)
[    0.704569] Serial: 8250/16550 driver, 32 ports, IRQ sharing enabled
[    0.726908] 00:02: ttyS0 at I/O 0x3f8 (irq = 4, base_baud = 115200) is a 16550A
[    0.731761] Linux agpgart interface v0.103
[    0.734853] loop: module loaded
[    0.736446] scsi host0: ata_piix
[    0.737285] scsi host1: ata_piix
[    0.738057] ata1: PATA max UDMA/33 cmd 0x1f0 ctl 0x3f6 bmdma 0xd000 irq 14
[    0.739399] ata2: PATA max UDMA/33 cmd 0x170 ctl 0x376 bmdma 0xd008 irq 15
[    0.741015] libphy: Fixed MDIO Bus: probed
[    0.742350] tun: Universal TUN/TAP device driver, 1.6
[    0.743485] PPP generic driver version 2.4.2
[    0.744523] ehci_hcd: USB 2.0 'Enhanced' Host Controller (EHCI) Driver
[    0.745882] ehci-pci: EHCI PCI platform driver
[    0.746854] ehci-platform: EHCI generic platform driver
[    0.747884] ohci_hcd: USB 1.1 'Open' Host Controller (OHCI) Driver
[    0.749231] ohci-pci: OHCI PCI platform driver
[    0.750124] ohci-platform: OHCI generic platform driver
[    0.751137] uhci_hcd: USB Universal Host Controller Interface driver
[    0.752495] i8042: PNP: PS/2 Controller [PNP0303:PS2K,PNP0f03:PS2M] at 0x60,0x64 irq 1,12
[    0.754591] serio: i8042 KBD port at 0x60,0x64 irq 1
[    0.755715] serio: i8042 AUX port at 0x60,0x64 irq 12
[    0.757400] mousedev: PS/2 mouse device common for all mice
[    0.759699] input: AT Translated Set 2 keyboard as /devices/platform/i8042/serio0/input/input2
[    0.761694] rtc_cmos rtc_cmos: rtc core: registered rtc_cmos as rtc0
[    0.763071] rtc_cmos rtc_cmos: alarms up to one day, 114 bytes nvram
[    0.764411] i2c /dev entries driver
[    0.765179] device-mapper: uevent: version 1.0.3
[    0.766207] device-mapper: ioctl: 4.37.0-ioctl (2017-09-20) initialised: dm-devel@redhat.com
[    0.768593] ledtrig-cpu: registered to indicate activity on CPUs
[    0.770378] NET: Registered protocol family 10
[    0.775950] Segment Routing with IPv6
[    0.776974] NET: Registered protocol family 17
[    0.777941] Key type dns_resolver registered
[    0.779208] mce: Using 0 MCE banks
[    0.780336] RAS: Correctable Errors collector initialized.
[    0.781413] sched_clock: Marking stable (780322282, 0)->(1058744444, -278422162)
[    0.783716] registered taskstats version 1
[    0.784926] Loading compiled-in X.509 certificates
[    0.788187] Loaded X.509 cert 'Build time autogenerated kernel key: 244b473b43e18b01f00e37a87f2ecd28620f0244'
[    0.790357] zswap: loaded using pool lzo/zbud
[    0.795090] Key type big_key registered
[    0.796052] Key type trusted registered
[    0.798516] Key type encrypted registered
[    0.799777] AppArmor: AppArmor sha1 policy hashing enabled
[    0.800958] ima: No TPM chip found, activating TPM-bypass! (rc=-19)
[    0.802161] ima: Allocated hash algorithm: sha1
[    0.803056] evm: HMAC attrs: 0x1
[    0.804317]   Magic number: 9:926:248
[    0.805571] rtc_cmos rtc_cmos: setting system clock to 2021-02-06 22:13:42 UTC (1612649622)
[    0.807441] BIOS EDD facility v0.16 2004-Jun-25, 0 devices found
[    0.809724] EDD information not available.
[    0.926940] Freeing unused kernel image memory: 2432K
[    0.940643] Write protecting the kernel read-only data: 20480k
[    0.943469] Freeing unused kernel image memory: 2008K
[    0.945605] Freeing unused kernel image memory: 1880K
[    0.953588] x86/mm: Checked W+X mappings: passed, no W+X pages found.
[    0.955464] x86/mm: Checking user space page tables
[    0.961950] x86/mm: Checked W+X mappings: passed, no W+X pages found.
Loading, please wait...
starting version 237
[    1.022914] e1000: Intel(R) PRO/1000 Network Driver - version 7.3.21-k8-NAPI
[    1.080273] e1000: Copyright (c) 1999-2006 Intel Corporation.
[    1.082693] Fusion MPT base driver 3.04.20
[    1.085040] Copyright (c) 1999-2008 LSI Corporation
[    1.105718] AVX2 version of gcm_enc/dec engaged.
[    1.116755] AES CTR mode by8 optimization enabled
[    1.153619] Fusion MPT SPI Host driver 3.04.20
[    1.286229] input: ImExPS/2 Generic Explorer Mouse as /devices/platform/i8042/serio1/input/input4
[    1.705426] e1000 0000:00:03.0 eth0: (PCI:33MHz:32-bit) 02:cf:14:98:e9:22
[    1.707246] e1000 0000:00:03.0 eth0: Intel(R) PRO/1000 Network Connection
[    3.000185] e1000 0000:00:08.0 eth1: (PCI:33MHz:32-bit) 08:00:27:ad:76:f0
[    3.001954] e1000 0000:00:08.0 eth1: Intel(R) PRO/1000 Network Connection
[    3.004455] e1000 0000:00:03.0 enp0s3: renamed from eth0
[    3.006121] mptbase: ioc0: Initiating bringup
[    3.020674] e1000 0000:00:08.0 enp0s8: renamed from eth1
[    4.176080] ioc0: LSI53C1030 A0: Capabilities={Initiator}
[    8.152429] scsi host2: ioc0: LSI53C1030 A0, FwRev=00000000h, Ports=1, MaxQ=256, IRQ=20
[   10.205259] scsi 2:0:0:0: Direct-Access     VBOX     HARDDISK         1.0  PQ: 0 ANSI: 5
[   11.006355] scsi target2:0:0: Beginning Domain Validation
[   11.010769] scsi target2:0:0: Domain Validation skipping write tests
[   11.012346] scsi target2:0:0: Ending Domain Validation
[   11.013545] scsi target2:0:0: asynchronous
[   11.014885] scsi 2:0:1:0: Direct-Access     VBOX     HARDDISK         1.0  PQ: 0 ANSI: 5
[   12.199856] scsi target2:0:1: Beginning Domain Validation
[   12.203015] random: fast init done
[   12.204349] scsi target2:0:1: Domain Validation skipping write tests
[   12.205934] scsi target2:0:1: Ending Domain Validation
[   12.207755] scsi target2:0:1: asynchronous
[   12.213182] random: systemd-udevd: uninitialized urandom read (16 bytes read)
[   12.214685] random: systemd-udevd: uninitialized urandom read (16 bytes read)
[   12.216126] random: systemd-udevd: uninitialized urandom read (16 bytes read)
[   12.218060] sd 2:0:0:0: Attached scsi generic sg0 type 0
[   12.219693] sd 2:0:0:0: [sda] 20971520 512-byte logical blocks: (10.7 GB/10.0 GiB)
[   12.220404] sd 2:0:1:0: Attached scsi generic sg1 type 0
[   12.222858] sd 2:0:0:0: [sda] Write Protect is off
[   12.224400] sd 2:0:1:0: [sdb] 20480 512-byte logical blocks: (10.5 MB/10.0 MiB)
[   12.226309] sd 2:0:0:0: [sda] Incomplete mode parameter data
[   12.227495] sd 2:0:0:0: [sda] Assuming drive cache: write through
[   12.228065] sd 2:0:1:0: [sdb] Write Protect is off
[   12.230029] sd 2:0:1:0: [sdb] Incomplete mode parameter data
[   12.231585] sd 2:0:1:0: [sdb] Assuming drive cache: write through
[   12.234266]  sda: sda1
[   12.235315] sd 2:0:1:0: [sdb] Attached SCSI disk
[   12.237304] sd 2:0:0:0: [sda] Attached SCSI disk
Begin: Loading essential drivers ... [   13.636095] raid6: sse2x1   gen() 11749 MB/s
[   13.684352] raid6: sse2x1   xor()  8484 MB/s
[   13.732318] raid6: sse2x2   gen()  8529 MB/s
[   13.780646] raid6: sse2x2   xor()  6070 MB/s
[   13.828231] raid6: sse2x4   gen() 16369 MB/s
[   13.876589] raid6: sse2x4   xor() 10708 MB/s
[   13.924146] raid6: avx2x1   gen() 23578 MB/s
[   13.972151] raid6: avx2x1   xor() 16690 MB/s
[   14.020033] raid6: avx2x2   gen() 27534 MB/s
[   14.068348] raid6: avx2x2   xor() 18207 MB/s
[   14.116120] raid6: avx2x4   gen() 31549 MB/s
[   14.164249] raid6: avx2x4   xor() 21015 MB/s
[   14.165512] raid6: using algorithm avx2x4 gen() 31549 MB/s
[   14.166635] raid6: .... xor() 21015 MB/s, rmw enabled
[   14.167614] raid6: using avx2x2 recovery algorithm
[   14.170611] xor: automatically using best checksumming function   avx       
[   14.173838] async_tx: api initialized (async)
done.
Begin: Running /scripts/init-premount ... done.
Begin: Mounting root file system ... Begin: Running /scripts/local-top ... done.
Begin: Running /scripts/local-premount ... [   14.213662] Btrfs loaded, crc32c=crc32c-intel
Scanning for Btrfs filesystems
done.
Warning: fsck not present, so skipping root file system
[   14.249391] EXT4-fs (sda1): mounted filesystem with ordered data mode. Opts: (null)
done.
Begin: Running /scripts/local-bottom ... done.
Begin: Running /scripts/init-bottom ... done.
[   14.459082] ip_tables: (C) 2000-2006 Netfilter Core Team
[   14.477117] systemd[1]: systemd 237 running in system mode. (+PAM +AUDIT +SELINUX +IMA +APPARMOR +SMACK +SYSVINIT +UTMP +LIBCRYPTSETUP +GCRYPT +GNUTLS +ACL +XZ +LZ4 +SECCOMP +BLKID +ELFUTILS +KMOD -IDN2 +IDN -PCRE2 default-hierarchy=hybrid)
[   14.483412] systemd[1]: Detected virtualization oracle.
[   14.484709] systemd[1]: Detected architecture x86-64.

Welcome to [1mUbuntu 18.04.4 LTS[0m!

[   14.501680] systemd[1]: Set hostname to <ubuntu>.
[   14.509511] systemd[1]: Initializing machine ID from random generator.
[   14.510804] systemd[1]: Installed transient /etc/machine-id file.
[   16.324765] systemd[1]: Created slice System Slice.
[[0;32m  OK  [0m] Created slice System Slice.
[   16.327102] systemd[1]: Set up automount Arbitrary Executable File Formats File System Automount Point.
[[0;32m  OK  [0m] Set up automount Arbitrary Executab…rmats File System Automount Point.
[   16.330126] systemd[1]: Listening on LVM2 poll daemon socket.
[[0;32m  OK  [0m] Listening on LVM2 poll daemon socket.
[   16.332205] systemd[1]: Started Forward Password Requests to Wall Directory Watch.
[[0;32m  OK  [0m] Started Forward Password Requests to Wall Directory Watch.
[[0;32m  OK  [0m] Listening on Journal Audit Socket.
[[0;32m  OK  [0m] Listening on Journal Socket (/dev/log).
[[0;32m  OK  [0m] Listening on Syslog Socket.
[[0;32m  OK  [0m] Reached target Swap.
[[0;32m  OK  [0m] Reached target User and Group Name Lookups.
[[0;32m  OK  [0m] Listening on udev Control Socket.
[[0;32m  OK  [0m] Listening on LVM2 metadata daemon socket.
[[0;32m  OK  [0m] Listening on /dev/initctl Compatibility Named Pipe.
[[0;32m  OK  [0m] Listening on udev Kernel Socket.
[[0;32m  OK  [0m] Listening on Journal Socket.
         Starting Load Kernel Modules...
         Starting Create list of required st…ce nodes for the current kernel...
         Starting udev Coldplug all Devices...
         Starting Uncomplicated firewall...
         Starting Remount Root and Kernel File Systems...
         Starting Journal Service...
         Mounting Kernel Debug File System...
         Mounting Huge Pages File System...
[[0;32m  OK  [0m] Listening on Network Service Netlink Socket.
[[0;32m  OK  [0m] Listening on Device-mapper event daemon FIFOs.
         Starting Monitoring of LVM2 mirrors…ng dmeventd or progress polling...
[[0;32m  OK  [0m] Created slice User and Session Slice.
[[0;32m  OK  [0m] Reached target Slices.
         Mounting POSIX Message Queue File System...
[[0;32m  OK  [0m] Created slice system-serial\x2dgetty.slice.
[   16.417883] Loading iSCSI transport class v2.0-870.
         Starting Set the console keyboard layout...
[[0;32m  OK  [0m] Reached target System Time Synchronized.
[[0;32m  OK  [0m] Started Create list of required sta…vice nodes for the current kernel.
[[0;32m  OK  [0m] Started Uncomplicated firewall.
         Starting Create Static Device Nodes in /dev...
[   16.443921] EXT4-fs (sda1): re-mounted. Opts: (null)
[[0;32m  OK  [0m] Mounted Huge Pages File System.
[[0;32m  OK  [0m] Started Remount Root and Kernel File Systems.
[[0;32m  OK  [0m] Mounted Kernel Debug File System.
[[0;32m  OK  [0m] Mounted POSIX Message Queue File System.
[[0;32m  OK  [0m] Started Journal Service.
[[0;32m  OK  [0m] Started udev Coldplug all Devices.
[[0;32m  OK  [0m] Started LVM2 metadata daemon.
         Starting Flush Journal to Persistent Storage...
[   16.503856] iscsi: registered transport (tcp)
[   16.524974] iscsi: registered transport (iser)
         Starting Load/Save Random Seed...
[[0;32m  OK  [0m] Started Load Kernel Modules.
[[0;32m  OK  [0m] Started Create Static Device Nodes in /dev.
         Starting udev Kernel Device Manager...
         Mounting Kernel Configuration File System...
         Mounting FUSE Control File System...
         Starting Apply Kernel Variables...
[[0;32m  OK  [0m] Mounted Kernel Configuration File System.
[[0;32m  OK  [0m] Started Monitoring of LVM2 mirrors,…sing dmeventd or progress polling.
[[0;32m  OK  [0m] Mounted FUSE Control File System.
[[0;32m  OK  [0m] Started Load/Save Random Seed.
[   16.936981] systemd-journald[423]: Received request to flush runtime journal from PID 1
[[0;32m  OK  [0m] Started udev Kernel Device Manager.
[[0;32m  OK  [0m] Started Apply Kernel Variables.
[[0;32m  OK  [0m] Started Flush Journal to Persistent Storage.
[[0;32m  OK  [0m] Found device /dev/ttyS0.
[[0;32m  OK  [0m] Listening on Load/Save RF Kill Switch Status /dev/rfkill Watch.
[[0;32m  OK  [0m] Started Set the console keyboard layout.
[[0;32m  OK  [0m] Reached target Local File Systems (Pre).
[[0;32m  OK  [0m] Reached target Local File Systems.
         Starting AppArmor initialization...
         Starting Commit a transient machine-id on disk...
         Starting Set console font and keymap...
         Starting Tell Plymouth To Write Out Runtime Data...
         Starting ebtables ruleset management...
         Starting Create Volatile Files and Directories...
[[0;32m  OK  [0m] Started Dispatch Password Requests to Console Directory Watch.
[[0;32m  OK  [0m] Reached target Local Encrypted Volumes.
[[0;32m  OK  [0m] Started Set console font and keymap.
[[0;32m  OK  [0m] Started Tell Plymouth To Write Out Runtime Data.
[[0;32m  OK  [0m] Started Create Volatile Files and Directories.
         Starting Update UTMP about System Boot/Shutdown...
[[0;32m  OK  [0m] Started Update UTMP about System Boot/Shutdown.
[[0;32m  OK  [0m] Started Commit a transient machine-id on disk.
[[0;32m  OK  [0m] Started ebtables ruleset management.
[[0;32m  OK  [0m] Started AppArmor initialization.
         Starting Initial cloud-init job (pre-networking)...
[   20.307245] cloud-init[722]: Cloud-init v. 19.4-33-gbb4131a2-0ubuntu1~18.04.1 running 'init-local' at Sat, 06 Feb 2021 22:14:01 +0000. Up 19.31 seconds.
[[0;32m  OK  [0m] Started Initial cloud-init job (pre-networking).
[[0;32m  OK  [0m] Reached target Network (Pre).
         Starting Network Service...
[[0;32m  OK  [0m] Started Network Service.
         Starting Wait for Network to be Configured...
         Starting Network Name Resolution...
[[0;32m  OK  [0m] Started Network Name Resolution.
[[0;32m  OK  [0m] Reached target Network.
[[0;32m  OK  [0m] Reached target Host and Network Name Lookups.
[[0;32m  OK  [0m] Started Wait for Network to be Configured.
         Starting Initial cloud-init job (metadata service crawler)...
[   22.329585] cloud-init[834]: Cloud-init v. 19.4-33-gbb4131a2-0ubuntu1~18.04.1 running 'init' at Sat, 06 Feb 2021 22:14:03 +0000. Up 22.21 seconds.
[   22.332568] cloud-init[834]: ci-info: ++++++++++++++++++++++++++++++++++++++Net device info+++++++++++++++++++++++++++++++++++++++
[   22.334434] cloud-init[834]: ci-info: +--------+-------+----------------------------+---------------+--------+-------------------+
[   22.336534] cloud-init[834]: ci-info: | Device |   Up  |          Address           |      Mask     | Scope  |     Hw-Address    |
[   22.338535] cloud-init[834]: ci-info: +--------+-------+----------------------------+---------------+--------+-------------------+
[   22.340886] cloud-init[834]: ci-info: | enp0s3 |  True |         10.0.2.15          | 255.255.255.0 | global | 02:cf:14:98:e9:22 |
[   22.343503] cloud-init[834]: ci-info: | enp0s3 |  True | fe80::cf:14ff:fe98:e922/64 |       .       |  link  | 02:cf:14:98:e9:22 |
[   22.346042] cloud-init[834]: ci-info: | enp0s8 | False |             .              |       .       |   .    | 08:00:27:ad:76:f0 |
[   22.348679] cloud-init[834]: ci-info: |   lo   |  True |         127.0.0.1          |   255.0.0.0   |  host  |         .         |
[   22.351153] cloud-init[834]: ci-info: |   lo   |  True |          ::1/128           |       .       |  host  |         .         |
[   22.354047] cloud-init[834]: ci-info: +--------+-------+----------------------------+---------------+--------+-------------------+
[   22.685050] cloud-init[834]: ci-info: ++++++++++++++++++++++++++++Route IPv4 info+++++++++++++++++++++++++++++
[   22.687203] cloud-init[834]: ci-info: +-------+-------------+----------+-----------------+-----------+-------+
[   22.689425] cloud-init[834]: ci-info: | Route | Destination | Gateway  |     Genmask     | Interface | Flags |
[   22.700536] cloud-init[834]: ci-info: +-------+-------------+----------+-----------------+-----------+-------+
[   22.702990] cloud-init[834]: ci-info: |   0   |   0.0.0.0   | 10.0.2.2 |     0.0.0.0     |   enp0s3  |   UG  |
[   22.705183] cloud-init[834]: ci-info: |   1   |   10.0.2.0  | 0.0.0.0  |  255.255.255.0  |   enp0s3  |   U   |
[   22.707336] cloud-init[834]: ci-info: |   2   |   10.0.2.2  | 0.0.0.0  | 255.255.255.255 |   enp0s3  |   UH  |
[   22.709651] cloud-init[834]: ci-info: +-------+-------------+----------+-----------------+-----------+-------+
[   22.711083] cloud-init[834]: ci-info: +++++++++++++++++++Route IPv6 info+++++++++++++++++++
[   22.712866] cloud-init[834]: ci-info: +-------+-------------+---------+-----------+-------+
[   22.714384] cloud-init[834]: ci-info: | Route | Destination | Gateway | Interface | Flags |
[   22.715858] cloud-init[834]: ci-info: +-------+-------------+---------+-----------+-------+
[   22.717330] cloud-init[834]: ci-info: |   1   |  fe80::/64  |    ::   |   enp0s3  |   U   |
[   22.732674] cloud-init[834]: ci-info: |   3   |    local    |    ::   |   enp0s3  |   U   |
[   22.734625] cloud-init[834]: ci-info: |   4   |   ff00::/8  |    ::   |   enp0s3  |   U   |
[   22.736328] cloud-init[834]: ci-info: +-------+-------------+---------+-----------+-------+
[   25.105747] cloud-init[834]: Generating public/private rsa key pair.
[   25.107324] cloud-init[834]: Your identification has been saved in /etc/ssh/ssh_host_rsa_key.
[   25.110407] cloud-init[834]: Your public key has been saved in /etc/ssh/ssh_host_rsa_key.pub.
[   25.112211] cloud-init[834]: The key fingerprint is:
[   25.124222] cloud-init[834]: SHA256:Sf5UUHEyBhAwEUUOfx+K3T98yfeGNl2+n/pySmdwvoc root@ubuntu-bionic
[   25.126205] cloud-init[834]: The key's randomart image is:
[   25.136370] cloud-init[834]: +---[RSA 2048]----+
[   25.137727] cloud-init[834]: |      **=ooo*..  |
[   25.138505] cloud-init[834]: |       =   o +   |
[   25.148468] cloud-init[834]: |        + . o    |
[   25.149461] cloud-init[834]: |       o = = .   |
[   25.160465] cloud-init[834]: |        S + o. . |
[   25.172647] cloud-init[834]: |         o   o= o|
[   25.184269] cloud-init[834]: |          .  .+@+|
[[0;32m  OK  [0m] Started Initial cloud-init job (metadata service crawler).
[   25.196574] cloud-init[834]: |            ..E+X|
[   25.198961] cloud-init[834]: |             +*B*|
[   25.212512] cloud-init[834]: +----[SHA256]-----+
[[0;32m  OK  [0m] Reached target Cloud-config availability.
[   25.220931] cloud-init[834]: Generating public/private dsa key pair.
[[0;32m  OK  [0m] Reached target System Initialization.
[   25.222508] cloud-init[834]: Your identification has been saved in /etc/ssh/ssh_host_dsa_key.
[[0;32m  OK  [0m] Listening on UUID daemon activation socket.
[   25.228181] cloud-init[834]: Your public key has been saved in /etc/ssh/ssh_host_dsa_key.pub.
         Starting Socket activation for snappy daemon.
[[0;32m  OK  [0m] Started Discard unused blocks once a week.
[[0;32m  OK  [0m] Started Daily Cleanup of Temporary Directories.
[[   25.231796] [0;32m  OK  [0mcloud-init] [834]: Started Daily apt download activities.The key fingerprint is:

[[0;32m  OK  [0m] Started Daily apt upgrade and clean activities.
[[   25.243084] [0;32m  OK  [0mcloud-init] [834]: Listening on Open-iSCSI iscsid Socket.SHA256:ey/bJ7dz3EHkGuGgaSVN6F/LfkNxO7hZDAJIb36VWjw root@ubuntu-bionic

[[0;32m  OK  [0m] Started ACPI Events Check.
[   25.250415] cloud-init[834]: The key's randomart image is:
[[0;32m  OK  [0m] Started Message of the Day.
[[0;32m  OK  [0m] Listening on ACPID Listen Socket.
[   25.255210] cloud-init[834]: +---[DSA 1024]----+
[[0;32m  OK  [0m] Listening on D-Bus System Message Bus Socket.
[[0;32m  OK  [0m] Reached target Timers.
[   25.269893] cloud-init[834]: |      ... +.     |
[[0;32m  OK  [0m] Reached target Paths.
[   25.284443] cloud-init[834]: |       ..+ +.... |
[   25.287152] cloud-init[834]: |        .o* oE+  |
         Starting LXD - unix socket.
[[0;32m  OK  [0m] Reached target Network is Online.
[   25.289929] cloud-init[834]: |        o= .+=.+.|
[[0;32m  OK  [0m] Reached target Remote File Systems (Pre).
[[   25.306065] [0;32m  OK  [0mcloud-init] [834]: Reached target Remote File Systems.|        S..o+ O +|

         Starting Availability of block devices...
[   25.321970] cloud-init[834]: |         ... = B |
[[0;32m  OK  [0m] Listening on Socket activation for snappy daemon.
[   25.337912] cloud-init[834]: |        . . . =.+|
[[0;32m  OK  [0m] Listening on LXD - unix socket.
[   25.343175] cloud-init[834]: |         ..o.++o+|
[   25.349248] cloud-init[834]: |          .oo+o+.|
[   25.349351] cloud-init[834]: +----[SHA256]-----+
[   25.349522] cloud-init[834]: Generating public/private ecdsa key pair.
[   25.349581] cloud-init[834]: Your identification has been saved in /etc/ssh/ssh_host_ecdsa_key.
[   25.349681] cloud-init[834]: Your public key has been saved in /etc/ssh/ssh_host_ecdsa_key.pub.
[[0;32m  OK  [0m] Started Availability of block devices.
[   25.349789] cloud-init[834]: The key fingerprint is:
[[0;32m  OK  [0m] Reached target Sockets.
[[   25.359860] [0;32m  OK  [0mcloud-init] [834]: Reached target Basic System.SHA256:+K4FM3UKzPat6nwBpuPuv2ZeDLY4SRlWzZ+B4lJV998 root@ubuntu-bionic

[   25.373232]          cloud-initStarting Pollinate to seed the pseudo random number generator...[834]: 
The key's randomart image is:
[[0;32m  OK  [0m] Started FUSE filesystem for LXC.
[   25.397061] cloud-init[834]: +---[ECDSA 256]---+
[   25.416496] cloud-init[834]: |      .+.o. .    |
         Starting Accounts Service...
[   25.417902] cloud-init[834]: |     +o + .. .   |
[   25.429521]          cloud-initStarting LXD - container startup/shutdown...[834]: 
|    oo=....o  .  |
[   25.431220] cloud-init[834]: |   ..++= +o    ..|
[   25.448503] cloud-init[834]: |    o+B.S .     E|
[   25.449800] cloud-init[834]: |   .o+ O..       |
[[   25.452370] [0;32m  OK  [0mcloud-init] [834]: Started irqbalance daemon.|   .+.. *.       |

[   25.454157] cloud-init[834]: |    .oo=.        |
         Starting System Logging Service...
[   25.469647] cloud-init[834]: |   oo*O+.        |
[   25.472554] cloud-init[834]: +----[SHA256]-----+
         Starting LSB: Record successful boot for GRUB...
[   25.474358] cloud-init[834]: Generating public/private ed25519 key pair.
         [   25.486785] Starting Virtualbox guest utils...cloud-init
[834]: Your identification has been saved in /etc/ssh/ssh_host_ed25519_key.
         Starting Permit User Sessions...
[   25.491468] cloud-init[834]: Your public key has been saved in /etc/ssh/ssh_host_ed25519_key.pub.
[   25.497342] cloud-init[834]: The key fingerprint is:
[   25.512495] cloud-init[834]: SHA256:sPwevL9Dibx8yJPvum6Y6JXtg4f5MCZxyR57GbLqOVw root@ubuntu-bionic
[   25.524309] cloud-init[834]: The key's randomart image is:
[   25.525635] cloud-init[834]: +--[ED25519 256]--+
[   25.526553] cloud-init[834]: |                 |
[   25.527596] cloud-init[834]: |                 |
[   25.540507] cloud-init[834]: |      .          |
[   25.541601] cloud-init[834]: |     o +         |
[   25.552431] cloud-init[834]: |    . O.S. .     |
[   25.553434] cloud-init[834]: |     +EXooo      |
[   25.554682] cloud-init[834]: |   ..oXOB=       |
[   25.556237] cloud-init[834]: |    +***@oo      |
[   25.557886] cloud-init[834]: |   o=. =OX=o     |
[   25.558855] cloud-init[834]: +----[SHA256]-----+
[[0;32m  OK  [0m] Started Regular background program processing daemon.
         Starting Dispatcher daemon for systemd-networkd...
         Starting LSB: automatic crash report generation...
[[0;32m  OK  [0m] Started D-Bus System Message Bus.
[[0;32m  OK  [0m] Started Deferred execution scheduler.
         Starting Login Service...
         Starting Snappy daemon...
[[0;32m  OK  [0m] Started System Logging Service.
[[0;32m  OK  [0m] Started Permit User Sessions.
         Starting Hold until boot process finishes up...
         Starting Terminate Plymouth Boot Screen...
[[0;32m  OK  [0m] Started Hold until boot process finishes up.
[[0;32m  OK  [0m] Started LXD - container startup/shutdown.
[[0;32m  OK  [0m] Started Terminate Plymouth Boot Screen.
[[0;32m  OK  [0m] Started Login Service.
[[0;32m  OK  [0m] Started Unattended Upgrades Shutdown.
         Starting Authorization Manager...
[[0;32m  OK  [0m] Started Serial Getty on ttyS0.
         Starting Set console scheme...
[[0;32m  OK  [0m] Started LSB: automatic crash report generation.
[[0;32m  OK  [0m] Started Set console scheme.
[[0;32m  OK  [0m] Started LSB: Record successful boot for GRUB.
[[0;32m  OK  [0m] Created slice system-getty.slice.
[[0;32m  OK  [0m] Started Getty on tty1.
[[0;32m  OK  [0m] Reached target Login Prompts.
[[0;32m  OK  [0m] Started Authorization Manager.
[[0;32m  OK  [0m] Started Accounts Service.
[[0;32m  OK  [0m] Started Virtualbox guest utils.
[[0;32m  OK  [0m] Started Dispatcher daemon for systemd-networkd.
[[0;32m  OK  [0m] Started Snappy daemon.
         Starting Wait until snapd is fully seeded...
[[0;32m  OK  [0m] Started Pollinate to seed the pseudo random number generator.
         Starting OpenBSD Secure Shell server...
[[0;32m  OK  [0m] Started OpenBSD Secure Shell server.
[[0;32m  OK  [0m] Created slice User Slice of vagrant.
         Starting User Manager for UID 1000...
[[0;32m  OK  [0m] Started Session 1 of user vagrant.
[[0;32m  OK  [0m] Started User Manager for UID 1000.
[[0;32m  OK  [0m] Started Wait until snapd is fully seeded.
[[0;32m  OK  [0m] Reached target Multi-User System.
[[0;32m  OK  [0m] Reached target Graphical Interface.
         Starting Update UTMP about System Runlevel Changes...
         Starting Apply the settings specified in cloud-config...
[[0;32m  OK  [0m] Started Update UTMP about System Runlevel Changes.
[   30.011394] cloud-init[1613]: Cloud-init v. 19.4-33-gbb4131a2-0ubuntu1~18.04.1 running 'modules:config' at Sat, 06 Feb 2021 22:14:11 +0000. Up 29.62 seconds.
[[0;32m  OK  [0m] Started Apply the settings specified in cloud-config.
         Starting Execute cloud user/final scripts...
[[0;32m  OK  [0m] Started Session 3 of user vagrant.
ci-info: no authorized SSH keys fingerprints found for user ubuntu.
<14>Feb  6 22:14:12 ec2: 
<14>Feb  6 22:14:12 ec2: #############################################################
<14>Feb  6 22:14:12 ec2: -----BEGIN SSH HOST KEY FINGERPRINTS-----
<14>Feb  6 22:14:12 ec2: 1024 SHA256:ey/bJ7dz3EHkGuGgaSVN6F/LfkNxO7hZDAJIb36VWjw root@ubuntu-bionic (DSA)
<14>Feb  6 22:14:12 ec2: 256 SHA256:+K4FM3UKzPat6nwBpuPuv2ZeDLY4SRlWzZ+B4lJV998 root@ubuntu-bionic (ECDSA)
<14>Feb  6 22:14:12 ec2: 256 SHA256:sPwevL9Dibx8yJPvum6Y6JXtg4f5MCZxyR57GbLqOVw root@ubuntu-bionic (ED25519)
<14>Feb  6 22:14:12 ec2: 2048 SHA256:Sf5UUHEyBhAwEUUOfx+K3T98yfeGNl2+n/pySmdwvoc root@ubuntu-bionic (RSA)
<14>Feb  6 22:14:12 ec2: -----END SSH HOST KEY FINGERPRINTS-----
<14>Feb  6 22:14:12 ec2: #############################################################
-----BEGIN SSH HOST KEY KEYS-----
ecdsa-sha2-nistp256 AAAAE2VjZHNhLXNoYTItbmlzdHAyNTYAAAAIbmlzdHAyNTYAAABBBLZroRwnfqSho49spjpheP6cIYUiVX/IdrdW9Y041Y5xlBHrs56l20aarF6uRHp7EDPmQBGacSJ9mUQ4MuVDLQk= root@ubuntu-bionic
ssh-ed25519 AAAAC3NzaC1lZDI1NTE5AAAAICq8Jy/dfoVMHfuOvxj+9ceIoQUQk/jVHZhHgaBSJMrN root@ubuntu-bionic
ssh-rsa AAAAB3NzaC1yc2EAAAADAQABAAABAQDOUQf7/XU72YBdsr5HI+U4QhmHKOFvgeFb6tLiVy4iyxoLuctByBmPc6gPcq2ITGYIMIj31P9ztTjTCuPBnb5lsy2Grv7UFgLdpUpcfQLU32f5tPpYPzvFGedSkhzZQOajvesssJI3APY8PykddW/DmSyM0xd6AWV57DUFLqb2iRAn8YinJnTnKfepeJLnZZZiZ5xHriiP9nizk33uWtwvwUuOuaRFYX+Rm9x8QixrlGYDGMaG6V1fBFZzfNU/TZyY8dvcNO5dw06dGmVmA6l+Wt7IW+D7Rfat40H6JxD/XWN43NMSJQBp6Siylr/kFvaYDmF/ncq3enTw8k7wMhwl root@ubuntu-bionic
-----END SSH HOST KEY KEYS-----
[   30.752971] cloud-init[1821]: Cloud-init v. 19.4-33-gbb4131a2-0ubuntu1~18.04.1 running 'modules:final' at Sat, 06 Feb 2021 22:14:12 +0000. Up 30.58 seconds.
[   30.755908] cloud-init[1821]: ci-info: no authorized SSH keys fingerprints found for user ubuntu.
[   30.758043] cloud-init[1821]: Cloud-init v. 19.4-33-gbb4131a2-0ubuntu1~18.04.1 finished at Sat, 06 Feb 2021 22:14:12 +0000. Datasource DataSourceNoCloud [seed=/dev/sdb][dsmode=net].  Up 30.74 seconds
[[0;32m  OK  [0m] Started Execute cloud user/final scripts.
[[0;32m  OK  [0m] Reached target Cloud-init target.

Ubuntu 18.04.4 LTS ubuntu-bionic ttyS0

ubuntu-bionic login: 